#
# There is insufficient memory for the Java Runtime Environment to continue.
# Native memory allocation (malloc) failed to allocate 32744 bytes. Error detail: Chunk::new
# Possible reasons:
#   The system is out of physical RAM or swap space
#   This process is running with CompressedOops enabled, and the Java Heap may be blocking the growth of the native heap
# Possible solutions:
#   Reduce memory load on the system
#   Increase physical memory or swap space
#   Check if swap backing store is full
#   Decrease Java heap size (-Xmx/-Xms)
#   Decrease number of Java threads
#   Decrease Java thread stack sizes (-Xss)
#   Set larger code cache with -XX:ReservedCodeCacheSize=
#   JVM is running with Unscaled Compressed Oops mode in which the Java heap is
#     placed in the first 4GB address space. The Java Heap base address is the
#     maximum limit for the native heap growth. Please use -XX:HeapBaseMinAddress
#     to set the Java Heap base and to place the Java Heap above 4GB virtual address.
# This output file may be truncated or incomplete.
#
#  Out of Memory Error (arena.cpp:168), pid=8992, tid=7820
#
# JRE version: OpenJDK Runtime Environment JBR-21.0.3+13-509.11-jcef (21.0.3+13) (build 21.0.3+13-b509.11)
# Java VM: OpenJDK 64-Bit Server VM JBR-21.0.3+13-509.11-jcef (21.0.3+13-b509.11, mixed mode, tiered, compressed oops, compressed class ptrs, g1 gc, windows-amd64)
# No core dump will be written. Minidumps are not enabled by default on client versions of Windows
#

---------------  S U M M A R Y ------------

Command Line: -Djava.rmi.server.hostname=127.0.0.1 -Duser.timezone=UTC -Xmx2048m -Xms128m -Djdbc.classpath=D:\IntelliJ IDEA 2024.2.1\plugins\DatabaseTools\lib\jdbc-console.jar;C:\Users\Admin\AppData\Roaming\JetBrains\IntelliJIdea2024.2\jdbc-drivers\MySQL ConnectorJ\8.2.0\com\mysql\mysql-connector-j\8.2.0\mysql-connector-j-8.2.0.jar;C:\Users\Admin\AppData\Roaming\JetBrains\IntelliJIdea2024.2\jdbc-drivers\MySQL ConnectorJ\8.2.0\com\google\protobuf\protobuf-java\3.21.9\protobuf-java-3.21.9.jar --add-exports=java.desktop/sun.awt=ALL-UNNAMED --add-exports=java.desktop/java.awt.peer=ALL-UNNAMED --add-opens=java.desktop/java.awt=ALL-UNNAMED --add-opens=jdk.unsupported/sun.misc=ALL-UNNAMED --add-opens=java.base/java.nio=ALL-UNNAMED --add-opens=java.base/java.util=ALL-UNNAMED -Dfile.encoding=UTF-8 -Dsun.stdout.encoding=UTF-8 -Dsun.stderr.encoding=UTF-8 com.intellij.database.remote.RemoteJdbcServer com.mysql.cj.jdbc.Driver

Host: AMD Ryzen 5 4600H with Radeon Graphics         , 12 cores, 7G,  Windows 10 , 64 bit Build 19041 (10.0.19041.5198)
Time: Thu Jan  9 17:06:16 2025 SE Asia Standard Time elapsed time: 2854.238374 seconds (0d 0h 47m 34s)

---------------  T H R E A D  ---------------

Current thread (0x0000011b5f082b20):  JavaThread "C2 CompilerThread0" daemon [_thread_in_native, id=7820, stack(0x00000016f3b00000,0x00000016f3c00000) (1024K)]


Current CompileTask:
C2:2854238 3791       4       java.io.ObjectOutputStream::writeClassDesc (60 bytes)

Stack: [0x00000016f3b00000,0x00000016f3c00000]
Native frames: (J=compiled Java code, j=interpreted, Vv=VM code, C=native code)
V  [jvm.dll+0x6e02f9]
V  [jvm.dll+0x8bd383]
V  [jvm.dll+0x8bf8de]
V  [jvm.dll+0x8bffc3]
V  [jvm.dll+0x2879c6]
V  [jvm.dll+0xc60ad]
V  [jvm.dll+0xc65e3]
V  [jvm.dll+0x6b9fcd]
V  [jvm.dll+0x39ddd3]
V  [jvm.dll+0x6f070b]
V  [jvm.dll+0x6efd6f]
V  [jvm.dll+0x1d049c]
V  [jvm.dll+0x1d104a]
V  [jvm.dll+0x2fc284]
V  [jvm.dll+0x6fa6e6]
V  [jvm.dll+0x6f292b]
V  [jvm.dll+0x6f1f62]
V  [jvm.dll+0x6f012c]
V  [jvm.dll+0x1d049c]
V  [jvm.dll+0x1d104a]
V  [jvm.dll+0x2fc284]
V  [jvm.dll+0x6fa6e6]
V  [jvm.dll+0x6f292b]
V  [jvm.dll+0x6f1f62]
V  [jvm.dll+0x6f012c]
V  [jvm.dll+0x1d049c]
V  [jvm.dll+0x1d104a]
V  [jvm.dll+0x2fc284]
V  [jvm.dll+0x6fa6e6]
V  [jvm.dll+0x6f292b]
V  [jvm.dll+0x6f1f62]
V  [jvm.dll+0x6f012c]
V  [jvm.dll+0x1d049c]
V  [jvm.dll+0x1d104a]
V  [jvm.dll+0x2fc284]
V  [jvm.dll+0x6fa6e6]
V  [jvm.dll+0x6f292b]
V  [jvm.dll+0x6f1f62]
V  [jvm.dll+0x6f012c]
V  [jvm.dll+0x1d049c]
V  [jvm.dll+0x24e53d]
V  [jvm.dll+0x1cd034]
V  [jvm.dll+0x25e13c]
V  [jvm.dll+0x25c616]
V  [jvm.dll+0x3fb056]
V  [jvm.dll+0x865338]
V  [jvm.dll+0x6deb3d]
C  [ucrtbase.dll+0x21bb2]
C  [KERNEL32.DLL+0x17374]
C  [ntdll.dll+0x4cc91]


---------------  P R O C E S S  ---------------

Threads class SMR info:
_java_thread_list=0x0000011b5f3a2340, length=20, elements={
0x0000011b4037ec70, 0x0000011b5f040630, 0x0000011b5f041350, 0x0000011b5f077cb0,
0x0000011b5f080d50, 0x0000011b5f0813c0, 0x0000011b5f081be0, 0x0000011b5f082b20,
0x0000011b5f076e90, 0x0000011b5f2529b0, 0x0000011b5f266050, 0x0000011b5f944750,
0x0000011b5fa626f0, 0x0000011b5f98d090, 0x0000011b5fa582b0, 0x0000011b5fae2190,
0x0000011b5f9d0540, 0x0000011b5f812150, 0x0000011b5fc97140, 0x0000011b5fc97e60
}

Java Threads: ( => current thread )
  0x0000011b4037ec70 JavaThread "main"                              [_thread_blocked, id=12068, stack(0x00000016f2d00000,0x00000016f2e00000) (1024K)]
  0x0000011b5f040630 JavaThread "Reference Handler"          daemon [_thread_blocked, id=6940, stack(0x00000016f3500000,0x00000016f3600000) (1024K)]
  0x0000011b5f041350 JavaThread "Finalizer"                  daemon [_thread_blocked, id=7620, stack(0x00000016f3600000,0x00000016f3700000) (1024K)]
  0x0000011b5f077cb0 JavaThread "Signal Dispatcher"          daemon [_thread_blocked, id=14844, stack(0x00000016f3700000,0x00000016f3800000) (1024K)]
  0x0000011b5f080d50 JavaThread "Attach Listener"            daemon [_thread_blocked, id=9932, stack(0x00000016f3800000,0x00000016f3900000) (1024K)]
  0x0000011b5f0813c0 JavaThread "Service Thread"             daemon [_thread_blocked, id=10912, stack(0x00000016f3900000,0x00000016f3a00000) (1024K)]
  0x0000011b5f081be0 JavaThread "Monitor Deflation Thread"   daemon [_thread_blocked, id=3956, stack(0x00000016f3a00000,0x00000016f3b00000) (1024K)]
=>0x0000011b5f082b20 JavaThread "C2 CompilerThread0"         daemon [_thread_in_native, id=7820, stack(0x00000016f3b00000,0x00000016f3c00000) (1024K)]
  0x0000011b5f076e90 JavaThread "C1 CompilerThread0"         daemon [_thread_blocked, id=15264, stack(0x00000016f3c00000,0x00000016f3d00000) (1024K)]
  0x0000011b5f2529b0 JavaThread "Common-Cleaner"             daemon [_thread_blocked, id=12204, stack(0x00000016f3d00000,0x00000016f3e00000) (1024K)]
  0x0000011b5f266050 JavaThread "Notification Thread"        daemon [_thread_blocked, id=8248, stack(0x00000016f3e00000,0x00000016f3f00000) (1024K)]
  0x0000011b5f944750 JavaThread "mysql-cj-abandoned-connection-cleanup" daemon [_thread_blocked, id=11416, stack(0x00000016f4100000,0x00000016f4200000) (1024K)]
  0x0000011b5fa626f0 JavaThread "RMI TCP Accept-9253"        daemon [_thread_in_native, id=10792, stack(0x00000016f4200000,0x00000016f4300000) (1024K)]
  0x0000011b5f98d090 JavaThread "RMI TCP Accept-0"           daemon [_thread_in_native, id=5924, stack(0x00000016f4300000,0x00000016f4400000) (1024K)]
  0x0000011b5fa582b0 JavaThread "RMI Reaper"                        [_thread_blocked, id=6892, stack(0x00000016f4400000,0x00000016f4500000) (1024K)]
  0x0000011b5fae2190 JavaThread "RMI GC Daemon"              daemon [_thread_blocked, id=8792, stack(0x00000016f4500000,0x00000016f4600000) (1024K)]
  0x0000011b5f9d0540 JavaThread "RMI TCP Connection(1)-127.0.0.1" daemon [_thread_in_native, id=13456, stack(0x00000016f4600000,0x00000016f4700000) (1024K)]
  0x0000011b5f812150 JavaThread "RMI Scheduler(0)"           daemon [_thread_blocked, id=11376, stack(0x00000016f4800000,0x00000016f4900000) (1024K)]
  0x0000011b5fc97140 JavaThread "RMI RenewClean-[127.0.0.1:53392]" daemon [_thread_blocked, id=7592, stack(0x00000016f4000000,0x00000016f4100000) (1024K)]
  0x0000011b5fc97e60 JavaThread "RMI TCP Connection(5)-127.0.0.1" daemon [_thread_in_native, id=10924, stack(0x00000016f2a00000,0x00000016f2b00000) (1024K)]
Total: 20

Other Threads:
  0x0000011b5f01a970 VMThread "VM Thread"                           [id=12996, stack(0x00000016f3400000,0x00000016f3500000) (1024K)]
  0x0000011b5adf6fd0 WatcherThread "VM Periodic Task Thread"        [id=12468, stack(0x00000016f3300000,0x00000016f3400000) (1024K)]
  0x0000011b425b5870 WorkerThread "GC Thread#0"                     [id=8152, stack(0x00000016f2e00000,0x00000016f2f00000) (1024K)]
  0x0000011b5fc3a270 WorkerThread "GC Thread#1"                     [id=8680, stack(0x00000016f4b00000,0x00000016f4c00000) (1024K)]
  0x0000011b600d3540 WorkerThread "GC Thread#2"                     [id=11636, stack(0x00000016f4c00000,0x00000016f4d00000) (1024K)]
  0x0000011b600d38e0 WorkerThread "GC Thread#3"                     [id=1368, stack(0x00000016f4d00000,0x00000016f4e00000) (1024K)]
  0x0000011b600c0990 WorkerThread "GC Thread#4"                     [id=13000, stack(0x00000016f4e00000,0x00000016f4f00000) (1024K)]
  0x0000011b600c0d30 WorkerThread "GC Thread#5"                     [id=10732, stack(0x00000016f4f00000,0x00000016f5000000) (1024K)]
  0x0000011b600c20f0 WorkerThread "GC Thread#6"                     [id=4068, stack(0x00000016f5000000,0x00000016f5100000) (1024K)]
  0x0000011b600c2490 WorkerThread "GC Thread#7"                     [id=11480, stack(0x00000016f5100000,0x00000016f5200000) (1024K)]
  0x0000011b600c3040 WorkerThread "GC Thread#8"                     [id=4432, stack(0x00000016f5200000,0x00000016f5300000) (1024K)]
  0x0000011b600c37f0 WorkerThread "GC Thread#9"                     [id=12136, stack(0x00000016f5300000,0x00000016f5400000) (1024K)]
  0x0000011b425c7820 ConcurrentGCThread "G1 Main Marker"            [id=12008, stack(0x00000016f2f00000,0x00000016f3000000) (1024K)]
  0x0000011b425c8130 WorkerThread "G1 Conc#0"                       [id=3028, stack(0x00000016f3000000,0x00000016f3100000) (1024K)]
  0x0000011b6012a580 WorkerThread "G1 Conc#1"                       [id=14080, stack(0x00000016f5400000,0x00000016f5500000) (1024K)]
  0x0000011b60129aa0 WorkerThread "G1 Conc#2"                       [id=8316, stack(0x00000016f5500000,0x00000016f5600000) (1024K)]
  0x0000011b4262e6f0 ConcurrentGCThread "G1 Refine#0"               [id=7840, stack(0x00000016f3100000,0x00000016f3200000) (1024K)]
  0x0000011b5acb9270 ConcurrentGCThread "G1 Service"                [id=14300, stack(0x00000016f3200000,0x00000016f3300000) (1024K)]
Total: 18

Threads with active compile tasks:
C2 CompilerThread0  2854274 3791       4       java.io.ObjectOutputStream::writeClassDesc (60 bytes)
Total: 1

VM state: not at safepoint (normal execution)

VM Mutex/Monitor currently owned by a thread: None

Heap address: 0x0000000080000000, size: 2048 MB, Compressed Oops mode: 32-bit

CDS archive(s) not mapped
Compressed class space mapped at: 0x0000000100000000-0x0000000140000000, reserved size: 1073741824
Narrow klass base: 0x0000000000000000, Narrow klass shift: 3, Narrow klass range: 0x140000000

GC Precious Log:
 CardTable entry size: 512
 Card Set container configuration: InlinePtr #cards 5 size 8 Array Of Cards #cards 12 size 40 Howl #buckets 4 coarsen threshold 1843 Howl Bitmap #cards 512 size 80 coarsen threshold 460 Card regions per heap region 1 cards per card region 2048
 CPUs: 12 total, 12 available
 Memory: 7579M
 Large Page Support: Disabled
 NUMA Support: Disabled
 Compressed Oops: Enabled (32-bit)
 Heap Region Size: 1M
 Heap Min Capacity: 128M
 Heap Initial Capacity: 128M
 Heap Max Capacity: 2G
 Pre-touch: Disabled
 Parallel Workers: 10
 Concurrent Workers: 3
 Concurrent Refinement Workers: 10
 Periodic GC: Disabled

Heap:
 garbage-first heap   total 131072K, used 29022K [0x0000000080000000, 0x0000000100000000)
  region size 1024K, 21 young (21504K), 5 survivors (5120K)
 Metaspace       used 28815K, committed 29312K, reserved 1114112K
  class space    used 2915K, committed 3136K, reserved 1048576K

Heap Regions: E=young(eden), S=young(survivor), O=old, HS=humongous(starts), HC=humongous(continues), CS=collection set, F=free, TAMS=top-at-mark-start, PB=parsable bottom
|   0|0x0000000080000000, 0x0000000080100000, 0x0000000080100000|100%|HS|  |TAMS 0x0000000080000000| PB 0x0000000080000000| Complete 
|   1|0x0000000080100000, 0x0000000080200000, 0x0000000080200000|100%|HC|  |TAMS 0x0000000080100000| PB 0x0000000080100000| Complete 
|   2|0x0000000080200000, 0x0000000080300000, 0x0000000080300000|100%|HS|  |TAMS 0x0000000080200000| PB 0x0000000080200000| Complete 
|   3|0x0000000080300000, 0x0000000080400000, 0x0000000080400000|100%|HS|  |TAMS 0x0000000080300000| PB 0x0000000080300000| Complete 
|   4|0x0000000080400000, 0x0000000080500000, 0x0000000080500000|100%| O|  |TAMS 0x0000000080400000| PB 0x0000000080400000| Untracked 
|   5|0x0000000080500000, 0x0000000080600000, 0x0000000080600000|100%| O|  |TAMS 0x0000000080500000| PB 0x0000000080500000| Untracked 
|   6|0x0000000080600000, 0x0000000080700000, 0x0000000080700000|100%| O|  |TAMS 0x0000000080600000| PB 0x0000000080600000| Untracked 
|   7|0x0000000080700000, 0x0000000080800000, 0x0000000080800000|100%| O|  |TAMS 0x0000000080700000| PB 0x0000000080700000| Untracked 
|   8|0x0000000080800000, 0x0000000080900000, 0x0000000080900000|100%| O|  |TAMS 0x0000000080800000| PB 0x0000000080800000| Untracked 
|   9|0x0000000080900000, 0x0000000080933a10, 0x0000000080a00000| 20%| O|  |TAMS 0x0000000080900000| PB 0x0000000080900000| Untracked 
|  10|0x0000000080a00000, 0x0000000080a00000, 0x0000000080b00000|  0%| F|  |TAMS 0x0000000080a00000| PB 0x0000000080a00000| Untracked 
|  11|0x0000000080b00000, 0x0000000080b00000, 0x0000000080c00000|  0%| F|  |TAMS 0x0000000080b00000| PB 0x0000000080b00000| Untracked 
|  12|0x0000000080c00000, 0x0000000080c00000, 0x0000000080d00000|  0%| F|  |TAMS 0x0000000080c00000| PB 0x0000000080c00000| Untracked 
|  13|0x0000000080d00000, 0x0000000080d00000, 0x0000000080e00000|  0%| F|  |TAMS 0x0000000080d00000| PB 0x0000000080d00000| Untracked 
|  14|0x0000000080e00000, 0x0000000080e00000, 0x0000000080f00000|  0%| F|  |TAMS 0x0000000080e00000| PB 0x0000000080e00000| Untracked 
|  15|0x0000000080f00000, 0x0000000080f00000, 0x0000000081000000|  0%| F|  |TAMS 0x0000000080f00000| PB 0x0000000080f00000| Untracked 
|  16|0x0000000081000000, 0x0000000081000000, 0x0000000081100000|  0%| F|  |TAMS 0x0000000081000000| PB 0x0000000081000000| Untracked 
|  17|0x0000000081100000, 0x0000000081100000, 0x0000000081200000|  0%| F|  |TAMS 0x0000000081100000| PB 0x0000000081100000| Untracked 
|  18|0x0000000081200000, 0x0000000081200000, 0x0000000081300000|  0%| F|  |TAMS 0x0000000081200000| PB 0x0000000081200000| Untracked 
|  19|0x0000000081300000, 0x0000000081300000, 0x0000000081400000|  0%| F|  |TAMS 0x0000000081300000| PB 0x0000000081300000| Untracked 
|  20|0x0000000081400000, 0x0000000081400000, 0x0000000081500000|  0%| F|  |TAMS 0x0000000081400000| PB 0x0000000081400000| Untracked 
|  21|0x0000000081500000, 0x0000000081500000, 0x0000000081600000|  0%| F|  |TAMS 0x0000000081500000| PB 0x0000000081500000| Untracked 
|  22|0x0000000081600000, 0x0000000081600000, 0x0000000081700000|  0%| F|  |TAMS 0x0000000081600000| PB 0x0000000081600000| Untracked 
|  23|0x0000000081700000, 0x0000000081700000, 0x0000000081800000|  0%| F|  |TAMS 0x0000000081700000| PB 0x0000000081700000| Untracked 
|  24|0x0000000081800000, 0x0000000081800000, 0x0000000081900000|  0%| F|  |TAMS 0x0000000081800000| PB 0x0000000081800000| Untracked 
|  25|0x0000000081900000, 0x0000000081900000, 0x0000000081a00000|  0%| F|  |TAMS 0x0000000081900000| PB 0x0000000081900000| Untracked 
|  26|0x0000000081a00000, 0x0000000081a00000, 0x0000000081b00000|  0%| F|  |TAMS 0x0000000081a00000| PB 0x0000000081a00000| Untracked 
|  27|0x0000000081b00000, 0x0000000081b00000, 0x0000000081c00000|  0%| F|  |TAMS 0x0000000081b00000| PB 0x0000000081b00000| Untracked 
|  28|0x0000000081c00000, 0x0000000081c00000, 0x0000000081d00000|  0%| F|  |TAMS 0x0000000081c00000| PB 0x0000000081c00000| Untracked 
|  29|0x0000000081d00000, 0x0000000081d00000, 0x0000000081e00000|  0%| F|  |TAMS 0x0000000081d00000| PB 0x0000000081d00000| Untracked 
|  30|0x0000000081e00000, 0x0000000081e00000, 0x0000000081f00000|  0%| F|  |TAMS 0x0000000081e00000| PB 0x0000000081e00000| Untracked 
|  31|0x0000000081f00000, 0x0000000081f00000, 0x0000000082000000|  0%| F|  |TAMS 0x0000000081f00000| PB 0x0000000081f00000| Untracked 
|  32|0x0000000082000000, 0x0000000082000000, 0x0000000082100000|  0%| F|  |TAMS 0x0000000082000000| PB 0x0000000082000000| Untracked 
|  33|0x0000000082100000, 0x0000000082100000, 0x0000000082200000|  0%| F|  |TAMS 0x0000000082100000| PB 0x0000000082100000| Untracked 
|  34|0x0000000082200000, 0x0000000082200000, 0x0000000082300000|  0%| F|  |TAMS 0x0000000082200000| PB 0x0000000082200000| Untracked 
|  35|0x0000000082300000, 0x0000000082300000, 0x0000000082400000|  0%| F|  |TAMS 0x0000000082300000| PB 0x0000000082300000| Untracked 
|  36|0x0000000082400000, 0x0000000082400000, 0x0000000082500000|  0%| F|  |TAMS 0x0000000082400000| PB 0x0000000082400000| Untracked 
|  37|0x0000000082500000, 0x0000000082500000, 0x0000000082600000|  0%| F|  |TAMS 0x0000000082500000| PB 0x0000000082500000| Untracked 
|  38|0x0000000082600000, 0x0000000082600000, 0x0000000082700000|  0%| F|  |TAMS 0x0000000082600000| PB 0x0000000082600000| Untracked 
|  39|0x0000000082700000, 0x0000000082700000, 0x0000000082800000|  0%| F|  |TAMS 0x0000000082700000| PB 0x0000000082700000| Untracked 
|  40|0x0000000082800000, 0x0000000082800000, 0x0000000082900000|  0%| F|  |TAMS 0x0000000082800000| PB 0x0000000082800000| Untracked 
|  41|0x0000000082900000, 0x0000000082900000, 0x0000000082a00000|  0%| F|  |TAMS 0x0000000082900000| PB 0x0000000082900000| Untracked 
|  42|0x0000000082a00000, 0x0000000082a00000, 0x0000000082b00000|  0%| F|  |TAMS 0x0000000082a00000| PB 0x0000000082a00000| Untracked 
|  43|0x0000000082b00000, 0x0000000082b00000, 0x0000000082c00000|  0%| F|  |TAMS 0x0000000082b00000| PB 0x0000000082b00000| Untracked 
|  44|0x0000000082c00000, 0x0000000082c00000, 0x0000000082d00000|  0%| F|  |TAMS 0x0000000082c00000| PB 0x0000000082c00000| Untracked 
|  45|0x0000000082d00000, 0x0000000082d00000, 0x0000000082e00000|  0%| F|  |TAMS 0x0000000082d00000| PB 0x0000000082d00000| Untracked 
|  46|0x0000000082e00000, 0x0000000082e00000, 0x0000000082f00000|  0%| F|  |TAMS 0x0000000082e00000| PB 0x0000000082e00000| Untracked 
|  47|0x0000000082f00000, 0x0000000082f00000, 0x0000000083000000|  0%| F|  |TAMS 0x0000000082f00000| PB 0x0000000082f00000| Untracked 
|  48|0x0000000083000000, 0x0000000083000000, 0x0000000083100000|  0%| F|  |TAMS 0x0000000083000000| PB 0x0000000083000000| Untracked 
|  49|0x0000000083100000, 0x0000000083100000, 0x0000000083200000|  0%| F|  |TAMS 0x0000000083100000| PB 0x0000000083100000| Untracked 
|  50|0x0000000083200000, 0x0000000083200000, 0x0000000083300000|  0%| F|  |TAMS 0x0000000083200000| PB 0x0000000083200000| Untracked 
|  51|0x0000000083300000, 0x0000000083300000, 0x0000000083400000|  0%| F|  |TAMS 0x0000000083300000| PB 0x0000000083300000| Untracked 
|  52|0x0000000083400000, 0x0000000083400000, 0x0000000083500000|  0%| F|  |TAMS 0x0000000083400000| PB 0x0000000083400000| Untracked 
|  53|0x0000000083500000, 0x0000000083500000, 0x0000000083600000|  0%| F|  |TAMS 0x0000000083500000| PB 0x0000000083500000| Untracked 
|  54|0x0000000083600000, 0x0000000083600000, 0x0000000083700000|  0%| F|  |TAMS 0x0000000083600000| PB 0x0000000083600000| Untracked 
|  55|0x0000000083700000, 0x0000000083700000, 0x0000000083800000|  0%| F|  |TAMS 0x0000000083700000| PB 0x0000000083700000| Untracked 
|  56|0x0000000083800000, 0x0000000083800000, 0x0000000083900000|  0%| F|  |TAMS 0x0000000083800000| PB 0x0000000083800000| Untracked 
|  57|0x0000000083900000, 0x0000000083900000, 0x0000000083a00000|  0%| F|  |TAMS 0x0000000083900000| PB 0x0000000083900000| Untracked 
|  58|0x0000000083a00000, 0x0000000083a00000, 0x0000000083b00000|  0%| F|  |TAMS 0x0000000083a00000| PB 0x0000000083a00000| Untracked 
|  59|0x0000000083b00000, 0x0000000083b00000, 0x0000000083c00000|  0%| F|  |TAMS 0x0000000083b00000| PB 0x0000000083b00000| Untracked 
|  60|0x0000000083c00000, 0x0000000083c00000, 0x0000000083d00000|  0%| F|  |TAMS 0x0000000083c00000| PB 0x0000000083c00000| Untracked 
|  61|0x0000000083d00000, 0x0000000083d00000, 0x0000000083e00000|  0%| F|  |TAMS 0x0000000083d00000| PB 0x0000000083d00000| Untracked 
|  62|0x0000000083e00000, 0x0000000083e00000, 0x0000000083f00000|  0%| F|  |TAMS 0x0000000083e00000| PB 0x0000000083e00000| Untracked 
|  63|0x0000000083f00000, 0x0000000083f00000, 0x0000000084000000|  0%| F|  |TAMS 0x0000000083f00000| PB 0x0000000083f00000| Untracked 
|  64|0x0000000084000000, 0x0000000084000000, 0x0000000084100000|  0%| F|  |TAMS 0x0000000084000000| PB 0x0000000084000000| Untracked 
|  65|0x0000000084100000, 0x0000000084100000, 0x0000000084200000|  0%| F|  |TAMS 0x0000000084100000| PB 0x0000000084100000| Untracked 
|  66|0x0000000084200000, 0x0000000084200000, 0x0000000084300000|  0%| F|  |TAMS 0x0000000084200000| PB 0x0000000084200000| Untracked 
|  67|0x0000000084300000, 0x0000000084300000, 0x0000000084400000|  0%| F|  |TAMS 0x0000000084300000| PB 0x0000000084300000| Untracked 
|  68|0x0000000084400000, 0x0000000084400000, 0x0000000084500000|  0%| F|  |TAMS 0x0000000084400000| PB 0x0000000084400000| Untracked 
|  69|0x0000000084500000, 0x0000000084523fe0, 0x0000000084600000| 14%| S|CS|TAMS 0x0000000084500000| PB 0x0000000084500000| Complete 
|  70|0x0000000084600000, 0x0000000084700000, 0x0000000084700000|100%| S|CS|TAMS 0x0000000084600000| PB 0x0000000084600000| Complete 
|  71|0x0000000084700000, 0x0000000084800000, 0x0000000084800000|100%| S|CS|TAMS 0x0000000084700000| PB 0x0000000084700000| Complete 
|  72|0x0000000084800000, 0x0000000084900000, 0x0000000084900000|100%| S|CS|TAMS 0x0000000084800000| PB 0x0000000084800000| Complete 
|  73|0x0000000084900000, 0x0000000084a00000, 0x0000000084a00000|100%| S|CS|TAMS 0x0000000084900000| PB 0x0000000084900000| Complete 
|  74|0x0000000084a00000, 0x0000000084a00000, 0x0000000084b00000|  0%| F|  |TAMS 0x0000000084a00000| PB 0x0000000084a00000| Untracked 
|  75|0x0000000084b00000, 0x0000000084b00000, 0x0000000084c00000|  0%| F|  |TAMS 0x0000000084b00000| PB 0x0000000084b00000| Untracked 
|  76|0x0000000084c00000, 0x0000000084c00000, 0x0000000084d00000|  0%| F|  |TAMS 0x0000000084c00000| PB 0x0000000084c00000| Untracked 
|  77|0x0000000084d00000, 0x0000000084d00000, 0x0000000084e00000|  0%| F|  |TAMS 0x0000000084d00000| PB 0x0000000084d00000| Untracked 
|  78|0x0000000084e00000, 0x0000000084e00000, 0x0000000084f00000|  0%| F|  |TAMS 0x0000000084e00000| PB 0x0000000084e00000| Untracked 
|  79|0x0000000084f00000, 0x0000000084f00000, 0x0000000085000000|  0%| F|  |TAMS 0x0000000084f00000| PB 0x0000000084f00000| Untracked 
|  80|0x0000000085000000, 0x0000000085000000, 0x0000000085100000|  0%| F|  |TAMS 0x0000000085000000| PB 0x0000000085000000| Untracked 
|  81|0x0000000085100000, 0x0000000085100000, 0x0000000085200000|  0%| F|  |TAMS 0x0000000085100000| PB 0x0000000085100000| Untracked 
|  82|0x0000000085200000, 0x0000000085200000, 0x0000000085300000|  0%| F|  |TAMS 0x0000000085200000| PB 0x0000000085200000| Untracked 
|  83|0x0000000085300000, 0x0000000085300000, 0x0000000085400000|  0%| F|  |TAMS 0x0000000085300000| PB 0x0000000085300000| Untracked 
|  84|0x0000000085400000, 0x0000000085400000, 0x0000000085500000|  0%| F|  |TAMS 0x0000000085400000| PB 0x0000000085400000| Untracked 
|  85|0x0000000085500000, 0x0000000085500000, 0x0000000085600000|  0%| F|  |TAMS 0x0000000085500000| PB 0x0000000085500000| Untracked 
|  86|0x0000000085600000, 0x0000000085600000, 0x0000000085700000|  0%| F|  |TAMS 0x0000000085600000| PB 0x0000000085600000| Untracked 
|  87|0x0000000085700000, 0x0000000085700000, 0x0000000085800000|  0%| F|  |TAMS 0x0000000085700000| PB 0x0000000085700000| Untracked 
|  88|0x0000000085800000, 0x0000000085800000, 0x0000000085900000|  0%| F|  |TAMS 0x0000000085800000| PB 0x0000000085800000| Untracked 
|  89|0x0000000085900000, 0x0000000085900000, 0x0000000085a00000|  0%| F|  |TAMS 0x0000000085900000| PB 0x0000000085900000| Untracked 
|  90|0x0000000085a00000, 0x0000000085a00000, 0x0000000085b00000|  0%| F|  |TAMS 0x0000000085a00000| PB 0x0000000085a00000| Untracked 
|  91|0x0000000085b00000, 0x0000000085b00000, 0x0000000085c00000|  0%| F|  |TAMS 0x0000000085b00000| PB 0x0000000085b00000| Untracked 
|  92|0x0000000085c00000, 0x0000000085c00000, 0x0000000085d00000|  0%| F|  |TAMS 0x0000000085c00000| PB 0x0000000085c00000| Untracked 
|  93|0x0000000085d00000, 0x0000000085d00000, 0x0000000085e00000|  0%| F|  |TAMS 0x0000000085d00000| PB 0x0000000085d00000| Untracked 
|  94|0x0000000085e00000, 0x0000000085e00000, 0x0000000085f00000|  0%| F|  |TAMS 0x0000000085e00000| PB 0x0000000085e00000| Untracked 
|  95|0x0000000085f00000, 0x0000000085f00000, 0x0000000086000000|  0%| F|  |TAMS 0x0000000085f00000| PB 0x0000000085f00000| Untracked 
|  96|0x0000000086000000, 0x0000000086000000, 0x0000000086100000|  0%| F|  |TAMS 0x0000000086000000| PB 0x0000000086000000| Untracked 
|  97|0x0000000086100000, 0x0000000086100000, 0x0000000086200000|  0%| F|  |TAMS 0x0000000086100000| PB 0x0000000086100000| Untracked 
|  98|0x0000000086200000, 0x0000000086200000, 0x0000000086300000|  0%| F|  |TAMS 0x0000000086200000| PB 0x0000000086200000| Untracked 
|  99|0x0000000086300000, 0x0000000086300000, 0x0000000086400000|  0%| F|  |TAMS 0x0000000086300000| PB 0x0000000086300000| Untracked 
| 100|0x0000000086400000, 0x0000000086400000, 0x0000000086500000|  0%| F|  |TAMS 0x0000000086400000| PB 0x0000000086400000| Untracked 
| 101|0x0000000086500000, 0x0000000086500000, 0x0000000086600000|  0%| F|  |TAMS 0x0000000086500000| PB 0x0000000086500000| Untracked 
| 102|0x0000000086600000, 0x0000000086600000, 0x0000000086700000|  0%| F|  |TAMS 0x0000000086600000| PB 0x0000000086600000| Untracked 
| 103|0x0000000086700000, 0x0000000086700000, 0x0000000086800000|  0%| F|  |TAMS 0x0000000086700000| PB 0x0000000086700000| Untracked 
| 104|0x0000000086800000, 0x0000000086800000, 0x0000000086900000|  0%| F|  |TAMS 0x0000000086800000| PB 0x0000000086800000| Untracked 
| 105|0x0000000086900000, 0x0000000086900000, 0x0000000086a00000|  0%| F|  |TAMS 0x0000000086900000| PB 0x0000000086900000| Untracked 
| 106|0x0000000086a00000, 0x0000000086a00000, 0x0000000086b00000|  0%| F|  |TAMS 0x0000000086a00000| PB 0x0000000086a00000| Untracked 
| 107|0x0000000086b00000, 0x0000000086b00000, 0x0000000086c00000|  0%| F|  |TAMS 0x0000000086b00000| PB 0x0000000086b00000| Untracked 
| 108|0x0000000086c00000, 0x0000000086c00000, 0x0000000086d00000|  0%| F|  |TAMS 0x0000000086c00000| PB 0x0000000086c00000| Untracked 
| 109|0x0000000086d00000, 0x0000000086d00000, 0x0000000086e00000|  0%| F|  |TAMS 0x0000000086d00000| PB 0x0000000086d00000| Untracked 
| 110|0x0000000086e00000, 0x0000000086e00000, 0x0000000086f00000|  0%| F|  |TAMS 0x0000000086e00000| PB 0x0000000086e00000| Untracked 
| 111|0x0000000086f00000, 0x0000000086f00000, 0x0000000087000000|  0%| F|  |TAMS 0x0000000086f00000| PB 0x0000000086f00000| Untracked 
| 112|0x0000000087000000, 0x00000000870348f0, 0x0000000087100000| 20%| E|  |TAMS 0x0000000087000000| PB 0x0000000087000000| Complete 
| 113|0x0000000087100000, 0x0000000087200000, 0x0000000087200000|100%| E|CS|TAMS 0x0000000087100000| PB 0x0000000087100000| Complete 
| 114|0x0000000087200000, 0x0000000087300000, 0x0000000087300000|100%| E|CS|TAMS 0x0000000087200000| PB 0x0000000087200000| Complete 
| 115|0x0000000087300000, 0x0000000087400000, 0x0000000087400000|100%| E|CS|TAMS 0x0000000087300000| PB 0x0000000087300000| Complete 
| 116|0x0000000087400000, 0x0000000087500000, 0x0000000087500000|100%| E|CS|TAMS 0x0000000087400000| PB 0x0000000087400000| Complete 
| 117|0x0000000087500000, 0x0000000087600000, 0x0000000087600000|100%| E|CS|TAMS 0x0000000087500000| PB 0x0000000087500000| Complete 
| 118|0x0000000087600000, 0x0000000087700000, 0x0000000087700000|100%| E|CS|TAMS 0x0000000087600000| PB 0x0000000087600000| Complete 
| 119|0x0000000087700000, 0x0000000087800000, 0x0000000087800000|100%| E|CS|TAMS 0x0000000087700000| PB 0x0000000087700000| Complete 
| 120|0x0000000087800000, 0x0000000087900000, 0x0000000087900000|100%| E|CS|TAMS 0x0000000087800000| PB 0x0000000087800000| Complete 
| 121|0x0000000087900000, 0x0000000087a00000, 0x0000000087a00000|100%| E|CS|TAMS 0x0000000087900000| PB 0x0000000087900000| Complete 
| 122|0x0000000087a00000, 0x0000000087b00000, 0x0000000087b00000|100%| E|CS|TAMS 0x0000000087a00000| PB 0x0000000087a00000| Complete 
| 123|0x0000000087b00000, 0x0000000087c00000, 0x0000000087c00000|100%| E|CS|TAMS 0x0000000087b00000| PB 0x0000000087b00000| Complete 
| 124|0x0000000087c00000, 0x0000000087d00000, 0x0000000087d00000|100%| E|CS|TAMS 0x0000000087c00000| PB 0x0000000087c00000| Complete 
| 125|0x0000000087d00000, 0x0000000087e00000, 0x0000000087e00000|100%| E|CS|TAMS 0x0000000087d00000| PB 0x0000000087d00000| Complete 
| 126|0x0000000087e00000, 0x0000000087f00000, 0x0000000087f00000|100%| E|CS|TAMS 0x0000000087e00000| PB 0x0000000087e00000| Complete 
| 127|0x0000000087f00000, 0x0000000088000000, 0x0000000088000000|100%| E|CS|TAMS 0x0000000087f00000| PB 0x0000000087f00000| Complete 

Card table byte_map: [0x0000011b55dd0000,0x0000011b561d0000] _byte_map_base: 0x0000011b559d0000

Marking Bits: (CMBitMap*) 0x0000011b425b5d80
 Bits: [0x0000011b561d0000, 0x0000011b581d0000)

Polling page: 0x0000011b40560000

Metaspace:

Usage:
  Non-class:     25.29 MB used.
      Class:      2.85 MB used.
       Both:     28.14 MB used.

Virtual space:
  Non-class space:       64.00 MB reserved,      25.56 MB ( 40%) committed,  1 nodes.
      Class space:        1.00 GB reserved,       3.06 MB ( <1%) committed,  1 nodes.
             Both:        1.06 GB reserved,      28.62 MB (  3%) committed. 

Chunk freelists:
   Non-Class:  6.48 MB
       Class:  12.91 MB
        Both:  19.39 MB

MaxMetaspaceSize: unlimited
CompressedClassSpaceSize: 1.00 GB
Initial GC threshold: 21.00 MB
Current GC threshold: 35.31 MB
CDS: off
 - commit_granule_bytes: 65536.
 - commit_granule_words: 8192.
 - virtual_space_node_default_size: 8388608.
 - enlarge_chunks_in_place: 1.
 - use_allocation_guard: 0.


Internal statistics:

num_allocs_failed_limit: 3.
num_arena_births: 574.
num_arena_deaths: 0.
num_vsnodes_births: 2.
num_vsnodes_deaths: 0.
num_space_committed: 458.
num_space_uncommitted: 0.
num_chunks_returned_to_freelist: 3.
num_chunks_taken_from_freelist: 1102.
num_chunk_merges: 0.
num_chunk_splits: 659.
num_chunks_enlarged: 297.
num_inconsistent_stats: 0.

CodeHeap 'non-profiled nmethods': size=120000Kb used=1768Kb max_used=1768Kb free=118232Kb
 bounds [0x0000011b4df50000, 0x0000011b4e1c0000, 0x0000011b55480000]
CodeHeap 'profiled nmethods': size=120000Kb used=7716Kb max_used=7716Kb free=112283Kb
 bounds [0x0000011b46480000, 0x0000011b46c10000, 0x0000011b4d9b0000]
CodeHeap 'non-nmethods': size=5760Kb used=1529Kb max_used=1579Kb free=4230Kb
 bounds [0x0000011b4d9b0000, 0x0000011b4dc20000, 0x0000011b4df50000]
 total_blobs=4385 nmethods=3789 adapters=499
 compilation: enabled
              stopped_count=0, restarted_count=0
 full_count=0

Compilation events (20 events):
Event: 2512.152 Thread 0x0000011b5f082b20 nmethod 3781 0x0000011b4e0fd390 code [0x0000011b4e0fd5e0, 0x0000011b4e0fdde0]
Event: 2521.148 Thread 0x0000011b5f082b20 3782       4       sun.nio.ch.NioSocketImpl::timedRead (85 bytes)
Event: 2521.209 Thread 0x0000011b5f082b20 nmethod 3782 0x0000011b4e0fe590 code [0x0000011b4e0fea20, 0x0000011b4e1022a8]
Event: 2545.692 Thread 0x0000011b5f082b20 3783       4       java.util.zip.ZipFile$Source::getEntryPos (164 bytes)
Event: 2545.698 Thread 0x0000011b5f082b20 nmethod 3783 0x0000011b4e104d10 code [0x0000011b4e104f60, 0x0000011b4e105838]
Event: 2585.698 Thread 0x0000011b5f082b20 3784   !   4       jdk.internal.loader.URLClassPath$JarLoader::ensureOpen (36 bytes)
Event: 2585.701 Thread 0x0000011b5f082b20 nmethod 3784 0x0000011b4e105f10 code [0x0000011b4e1060c0, 0x0000011b4e106218]
Event: 2590.698 Thread 0x0000011b5f082b20 3785       4       java.util.jar.JarFile::getEntry (35 bytes)
Event: 2590.713 Thread 0x0000011b5f082b20 nmethod 3785 0x0000011b4e106310 code [0x0000011b4e1065e0, 0x0000011b4e107828]
Event: 2595.700 Thread 0x0000011b5f082b20 3786   !   4       jdk.internal.loader.URLClassPath$JarLoader::getResource (40 bytes)
Event: 2595.705 Thread 0x0000011b5f082b20 nmethod 3786 0x0000011b4e108390 code [0x0000011b4e108560, 0x0000011b4e108810]
Event: 2647.170 Thread 0x0000011b5f082b20 3787   !   4       java.io.ObjectOutputStream::writeObject (38 bytes)
Event: 2647.172 Thread 0x0000011b5f082b20 nmethod 3787 0x0000011b4e108a90 code [0x0000011b4e108c40, 0x0000011b4e108d80]
Event: 2674.178 Thread 0x0000011b5f082b20 3788       4       sun.rmi.transport.ObjectEndpoint::<init> (60 bytes)
Event: 2674.179 Thread 0x0000011b5f082b20 nmethod 3788 0x0000011b4e108e90 code [0x0000011b4e109020, 0x0000011b4e109290]
Event: 2845.214 Thread 0x0000011b5f082b20 3789   !   4       sun.nio.ch.NioSocketImpl::endRead (58 bytes)
Event: 2845.216 Thread 0x0000011b5f082b20 nmethod 3789 0x0000011b4e109390 code [0x0000011b4e109540, 0x0000011b4e109910]
Event: 2845.216 Thread 0x0000011b5f082b20 3790   !   4       sun.nio.ch.NioSocketImpl::beginRead (30 bytes)
Event: 2845.217 Thread 0x0000011b5f082b20 nmethod 3790 0x0000011b4e109a90 code [0x0000011b4e109c20, 0x0000011b4e109eb0]
Event: 2854.216 Thread 0x0000011b5f082b20 3791       4       java.io.ObjectOutputStream::writeClassDesc (60 bytes)

GC Heap History (6 events):
Event: 0.813 GC heap before
{Heap before GC invocations=0 (full 0):
 garbage-first heap   total 131072K, used 26624K [0x0000000080000000, 0x0000000100000000)
  region size 1024K, 23 young (23552K), 0 survivors (0K)
 Metaspace       used 18324K, committed 18752K, reserved 1114112K
  class space    used 1907K, committed 2112K, reserved 1048576K
}
Event: 0.819 GC heap after
{Heap after GC invocations=1 (full 0):
 garbage-first heap   total 131072K, used 9416K [0x0000000080000000, 0x0000000100000000)
  region size 1024K, 3 young (3072K), 3 survivors (3072K)
 Metaspace       used 18324K, committed 18752K, reserved 1114112K
  class space    used 1907K, committed 2112K, reserved 1048576K
}
Event: 0.945 GC heap before
{Heap before GC invocations=1 (full 0):
 garbage-first heap   total 131072K, used 14536K [0x0000000080000000, 0x0000000100000000)
  region size 1024K, 10 young (10240K), 3 survivors (3072K)
 Metaspace       used 21176K, committed 21504K, reserved 1114112K
  class space    used 2201K, committed 2368K, reserved 1048576K
}
Event: 0.951 GC heap after
{Heap after GC invocations=2 (full 0):
 garbage-first heap   total 131072K, used 10870K [0x0000000080000000, 0x0000000100000000)
  region size 1024K, 2 young (2048K), 2 survivors (2048K)
 Metaspace       used 21176K, committed 21504K, reserved 1114112K
  class space    used 2201K, committed 2368K, reserved 1048576K
}
Event: 1585.569 GC heap before
{Heap before GC invocations=3 (full 0):
 garbage-first heap   total 131072K, used 64118K [0x0000000080000000, 0x0000000100000000)
  region size 1024K, 54 young (55296K), 2 survivors (2048K)
 Metaspace       used 28724K, committed 29184K, reserved 1114112K
  class space    used 2915K, committed 3136K, reserved 1048576K
}
Event: 1585.584 GC heap after
{Heap after GC invocations=4 (full 0):
 garbage-first heap   total 131072K, used 13662K [0x0000000080000000, 0x0000000100000000)
  region size 1024K, 5 young (5120K), 5 survivors (5120K)
 Metaspace       used 28724K, committed 29184K, reserved 1114112K
  class space    used 2915K, committed 3136K, reserved 1048576K
}

Dll operation events (2 events):
Event: 0.006 Loaded shared library D:\IntelliJ IDEA 2024.2.1\jbr\bin\java.dll
Event: 0.011 Loaded shared library D:\IntelliJ IDEA 2024.2.1\jbr\bin\zip.dll

Deoptimization events (20 events):
Event: 43.550 Thread 0x0000011b5fc977d0 DEOPT PACKING pc=0x0000011b468eead5 sp=0x00000016f49fdbf0
Event: 43.550 Thread 0x0000011b5fc977d0 DEOPT UNPACKING pc=0x0000011b4da04e42 sp=0x00000016f49fd060 mode 0
Event: 73.837 Thread 0x0000011b5fc977d0 DEOPT PACKING pc=0x0000011b4691c8c4 sp=0x00000016f49fd160
Event: 73.837 Thread 0x0000011b5fc977d0 DEOPT UNPACKING pc=0x0000011b4da04e42 sp=0x00000016f49fc620 mode 0
Event: 300.663 Thread 0x0000011b5fc97140 Uncommon trap: trap_request=0xffffff45 fr.pc=0x0000011b4e0710dc relative=0x000000000000037c
Event: 300.663 Thread 0x0000011b5fc97140 Uncommon trap: reason=unstable_if action=reinterpret pc=0x0000011b4e0710dc method=java.lang.ThreadLocal.get(Ljava/lang/Thread;)Ljava/lang/Object; @ 7 c2
Event: 300.663 Thread 0x0000011b5fc97140 DEOPT PACKING pc=0x0000011b4e0710dc sp=0x00000016f40fed20
Event: 300.663 Thread 0x0000011b5fc97140 DEOPT UNPACKING pc=0x0000011b4da046a2 sp=0x00000016f40feb50 mode 2
Event: 300.664 Thread 0x0000011b5fc97140 Uncommon trap: trap_request=0xffffff45 fr.pc=0x0000011b4e0873e0 relative=0x00000000000008e0
Event: 300.664 Thread 0x0000011b5fc97140 Uncommon trap: reason=unstable_if action=reinterpret pc=0x0000011b4e0873e0 method=sun.nio.ch.Util$BufferCache.get(I)Ljava/nio/ByteBuffer; @ 47 c2
Event: 300.664 Thread 0x0000011b5fc97140 DEOPT PACKING pc=0x0000011b4e0873e0 sp=0x00000016f40febe0
Event: 300.664 Thread 0x0000011b5fc97140 DEOPT UNPACKING pc=0x0000011b4da046a2 sp=0x00000016f40feaa8 mode 2
Event: 1605.719 Thread 0x0000011b5fc977d0 Uncommon trap: trap_request=0xffffff45 fr.pc=0x0000011b4e0d6548 relative=0x0000000000002748
Event: 1605.719 Thread 0x0000011b5fc977d0 Uncommon trap: reason=unstable_if action=reinterpret pc=0x0000011b4e0d6548 method=sun.nio.ch.NioSocketImpl.implRead([BII)I @ 160 c2
Event: 1605.719 Thread 0x0000011b5fc977d0 DEOPT PACKING pc=0x0000011b4e0d6548 sp=0x00000016f49feba0
Event: 1605.719 Thread 0x0000011b5fc977d0 DEOPT UNPACKING pc=0x0000011b4da046a2 sp=0x00000016f49fea48 mode 2
Event: 1605.719 Thread 0x0000011b5fc977d0 Uncommon trap: trap_request=0xffffff45 fr.pc=0x0000011b4e0ef190 relative=0x00000000000005d0
Event: 1605.719 Thread 0x0000011b5fc977d0 Uncommon trap: reason=unstable_if action=reinterpret pc=0x0000011b4e0ef190 method=java.io.BufferedInputStream.implRead()I @ 23 c2
Event: 1605.719 Thread 0x0000011b5fc977d0 DEOPT PACKING pc=0x0000011b4e0ef190 sp=0x00000016f49fed30
Event: 1605.719 Thread 0x0000011b5fc977d0 DEOPT UNPACKING pc=0x0000011b4da046a2 sp=0x00000016f49fec20 mode 2

Classes loaded (20 events):
Event: 1.711 Loading class java/util/Formattable
Event: 1.711 Loading class java/util/Formattable done
Event: 15.673 Loading class java/util/ArrayList$ListItr
Event: 15.673 Loading class java/util/ArrayList$ListItr done
Event: 64.442 Loading class sun/security/ssl/Alert
Event: 64.442 Loading class sun/security/ssl/Alert done
Event: 64.443 Loading class sun/security/ssl/Alert$AlertConsumer
Event: 64.443 Loading class sun/security/ssl/Alert$AlertConsumer done
Event: 64.443 Loading class sun/security/ssl/Alert$Level
Event: 64.443 Loading class sun/security/ssl/Alert$Level done
Event: 64.443 Loading class java/io/InterruptedIOException
Event: 64.443 Loading class java/io/InterruptedIOException done
Event: 64.443 Loading class java/lang/StackTraceElement$HashedModules
Event: 64.443 Loading class java/lang/StackTraceElement$HashedModules done
Event: 75.556 Loading class java/util/IdentityHashMap$KeyIterator
Event: 75.556 Loading class java/util/IdentityHashMap$IdentityHashMapIterator
Event: 75.556 Loading class java/util/IdentityHashMap$IdentityHashMapIterator done
Event: 75.556 Loading class java/util/IdentityHashMap$KeyIterator done
Event: 1585.657 Loading class java/lang/foreign/MemorySegment
Event: 1585.661 Loading class java/lang/foreign/MemorySegment done

Classes unloaded (0 events):
No events

Classes redefined (0 events):
No events

Internal exceptions (20 events):
Event: 1.352 Thread 0x0000011b5fc977d0 Exception <a 'java/lang/NoSuchMethodError'{0x0000000087401710}: 'int java.lang.invoke.DirectMethodHandle$Holder.invokeInterface(java.lang.Object, java.lang.Object, int)'> (0x0000000087401710) 
thrown [s\src\hotspot\share\interpreter\linkResolver.cpp, line 784]
Event: 1.352 Thread 0x0000011b5fc977d0 Exception <a 'java/lang/NoSuchMethodError'{0x0000000087405778}: 'int java.lang.invoke.DirectMethodHandle$Holder.invokeSpecial(java.lang.Object, java.lang.Object, java.lang.Object, int)'> (0x0000000087405778) 
thrown [s\src\hotspot\share\interpreter\linkResolver.cpp, line 784]
Event: 1.353 Thread 0x0000011b5fc977d0 Exception <a 'java/lang/NoSuchMethodError'{0x00000000874176e8}: 'java.lang.Object java.lang.invoke.DirectMethodHandle$Holder.invokeStatic(java.lang.Object, java.lang.Object, java.lang.Object, java.lang.Object, int)'> (0x00000000874176e8) 
thrown [s\src\hotspot\share\interpreter\linkResolver.cpp, line 784]
Event: 1.366 Thread 0x0000011b5fc977d0 Exception <a 'java/lang/NoSuchMethodError'{0x0000000087442b70}: 'void java.lang.invoke.DirectMethodHandle$Holder.invokeInterface(java.lang.Object, java.lang.Object, int)'> (0x0000000087442b70) 
thrown [s\src\hotspot\share\interpreter\linkResolver.cpp, line 784]
Event: 1.366 Thread 0x0000011b5fc977d0 Exception <a 'java/lang/NoSuchMethodError'{0x0000000087446978}: 'void java.lang.invoke.DelegatingMethodHandle$Holder.reinvoke_L(java.lang.Object, java.lang.Object, int)'> (0x0000000087446978) 
thrown [s\src\hotspot\share\interpreter\linkResolver.cpp, line 784]
Event: 1.416 Thread 0x0000011b5fc977d0 Exception <a 'java/lang/NoSuchMethodError'{0x00000000874d6230}: 'void java.lang.invoke.DirectMethodHandle$Holder.invokeInterface(java.lang.Object, java.lang.Object)'> (0x00000000874d6230) 
thrown [s\src\hotspot\share\interpreter\linkResolver.cpp, line 784]
Event: 1.622 Thread 0x0000011b5fc977d0 Exception <a 'java/lang/NoSuchMethodError'{0x000000008724d550}: 'java.lang.Object java.lang.invoke.DirectMethodHandle$Holder.invokeInterface(java.lang.Object, java.lang.Object, int)'> (0x000000008724d550) 
thrown [s\src\hotspot\share\interpreter\linkResolver.cpp, line 784]
Event: 1.693 Thread 0x0000011b5fc977d0 Exception <a 'java/lang/NoSuchMethodError'{0x00000000872fd660}: 'int java.lang.invoke.DirectMethodHandle$Holder.invokeInterface(java.lang.Object, java.lang.Object, int, int)'> (0x00000000872fd660) 
thrown [s\src\hotspot\share\interpreter\linkResolver.cpp, line 784]
Event: 1.694 Thread 0x0000011b5fc977d0 Exception <a 'java/lang/NoSuchMethodError'{0x0000000087104998}: 'int java.lang.invoke.DelegatingMethodHandle$Holder.reinvoke_L(java.lang.Object, java.lang.Object, int, int)'> (0x0000000087104998) 
thrown [s\src\hotspot\share\interpreter\linkResolver.cpp, line 784]
Event: 1.697 Thread 0x0000011b5fc977d0 Exception <a 'java/lang/NoSuchMethodError'{0x000000008711b3b8}: static Lcom/intellij/database/remote/jdbc/RemoteResultSet$DataRetrievingOptions;.<clinit>()V> (0x000000008711b3b8) 
thrown [s\src\hotspot\share\prims\jni.cpp, line 1126]
Event: 1.716 Thread 0x0000011b5fc977d0 Exception <a 'java/lang/NoSuchMethodError'{0x00000000871a0020}: static [Ljava/lang/Object;.<clinit>()V> (0x00000000871a0020) 
thrown [s\src\hotspot\share\prims\jni.cpp, line 1126]
Event: 1.718 Thread 0x0000011b5fc977d0 Exception <a 'java/lang/NoSuchMethodError'{0x00000000871b90a0}: static Lcom/intellij/database/remote/jdbc/impl/UnparsedValue;.<clinit>()V> (0x00000000871b90a0) 
thrown [s\src\hotspot\share\prims\jni.cpp, line 1126]
Event: 26.320 Thread 0x0000011b5fc977d0 Implicit null exception at 0x0000011b4dff1e40 to 0x0000011b4dff252c
Event: 64.443 Thread 0x0000011b5fc977d0 Exception <a 'java/io/IOException'{0x00000000863290a8}> (0x00000000863290a8) 
thrown [s\src\hotspot\share\prims\jni.cpp, line 535]
Event: 65.197 Thread 0x0000011b5fc977d0 Exception <a 'java/io/IOException'{0x0000000086331720}> (0x0000000086331720) 
thrown [s\src\hotspot\share\prims\jni.cpp, line 535]
Event: 65.991 Thread 0x0000011b5fc977d0 Exception <a 'java/io/IOException'{0x00000000863367a8}> (0x00000000863367a8) 
thrown [s\src\hotspot\share\prims\jni.cpp, line 535]
Event: 72.739 Thread 0x0000011b5fc977d0 Exception <a 'java/io/IOException'{0x00000000860e7950}> (0x00000000860e7950) 
thrown [s\src\hotspot\share\prims\jni.cpp, line 535]
Event: 120.492 Thread 0x0000011b5fc977d0 Exception <a 'java/net/SocketException'{0x0000000085977c30}: Connection reset by peer: shutdown> (0x0000000085977c30) 
thrown [s\src\hotspot\share\prims\jni.cpp, line 554]
Event: 121.225 Thread 0x0000011b5fc977d0 Exception <a 'java/io/IOException'{0x000000008597b820}> (0x000000008597b820) 
thrown [s\src\hotspot\share\prims\jni.cpp, line 535]
Event: 300.663 Thread 0x0000011b5fc97140 Implicit null exception at 0x0000011b4e070da2 to 0x0000011b4e0710c0

ZGC Phase Switch (0 events):
No events

VM Operations (20 events):
Event: 1589.586 Executing VM operation: Cleanup
Event: 1589.586 Executing VM operation: Cleanup done
Event: 1591.586 Executing VM operation: Cleanup
Event: 1591.586 Executing VM operation: Cleanup done
Event: 1592.587 Executing VM operation: Cleanup
Event: 1592.587 Executing VM operation: Cleanup done
Event: 1606.593 Executing VM operation: Cleanup
Event: 1606.593 Executing VM operation: Cleanup done
Event: 1621.737 Executing VM operation: HandshakeAllThreads (HandshakeForDeflation)
Event: 1621.737 Executing VM operation: HandshakeAllThreads (HandshakeForDeflation) done
Event: 1621.737 Executing VM operation: RendezvousGCThreads
Event: 1621.737 Executing VM operation: RendezvousGCThreads done
Event: 1747.777 Executing VM operation: Cleanup
Event: 1747.777 Executing VM operation: Cleanup done
Event: 1876.826 Executing VM operation: Cleanup
Event: 1876.827 Executing VM operation: Cleanup done
Event: 2053.890 Executing VM operation: Cleanup
Event: 2053.890 Executing VM operation: Cleanup done
Event: 2596.089 Executing VM operation: Cleanup
Event: 2596.089 Executing VM operation: Cleanup done

Events (20 events):
Event: 1590.498 Thread 0x0000011b60faf5c0 Thread added: 0x0000011b60faf5c0
Event: 1590.498 Thread 0x0000011b60fae210 Thread added: 0x0000011b60fae210
Event: 1590.498 Thread 0x0000011b60fb30d0 Thread added: 0x0000011b60fb30d0
Event: 1590.498 Thread 0x0000011b60fac7d0 Thread added: 0x0000011b60fac7d0
Event: 1590.498 Thread 0x0000011b60fae210 Thread exited: 0x0000011b60fae210
Event: 1590.498 Thread 0x0000011b60fac140 Thread added: 0x0000011b60fac140
Event: 1590.498 Thread 0x0000011b60fb1d20 Thread added: 0x0000011b60fb1d20
Event: 1590.498 Thread 0x0000011b60faf5c0 Thread exited: 0x0000011b60faf5c0
Event: 1590.498 Thread 0x0000011b60fb30d0 Thread exited: 0x0000011b60fb30d0
Event: 1590.498 Thread 0x0000011b60fac140 Thread exited: 0x0000011b60fac140
Event: 1590.498 Thread 0x0000011b60fac7d0 Thread exited: 0x0000011b60fac7d0
Event: 1590.498 Thread 0x0000011b60fb1d20 Thread exited: 0x0000011b60fb1d20
Event: 1590.499 Thread 0x0000011b5fc97e60 Thread added: 0x0000011b5fc97e60
Event: 1665.720 Thread 0x0000011b5fc977d0 Thread exited: 0x0000011b5fc977d0
Event: 2008.902 Thread 0x0000011b5fc984f0 Thread added: 0x0000011b5fc984f0
Event: 2008.902 Thread 0x0000011b5fc977d0 Thread added: 0x0000011b5fc977d0
Event: 2008.902 Thread 0x0000011b5fc98b80 Thread added: 0x0000011b5fc98b80
Event: 2008.902 Thread 0x0000011b5fc984f0 Thread exited: 0x0000011b5fc984f0
Event: 2008.902 Thread 0x0000011b5fc977d0 Thread exited: 0x0000011b5fc977d0
Event: 2008.902 Thread 0x0000011b5fc98b80 Thread exited: 0x0000011b5fc98b80


Dynamic libraries:
0x00007ff76cda0000 - 0x00007ff76cdaa000 	D:\IntelliJ IDEA 2024.2.1\jbr\bin\java.exe
0x00007ffa3f790000 - 0x00007ffa3f988000 	C:\Windows\SYSTEM32\ntdll.dll
0x00007ffa3f600000 - 0x00007ffa3f6c2000 	C:\Windows\System32\KERNEL32.DLL
0x00007ffa3d280000 - 0x00007ffa3d57e000 	C:\Windows\System32\KERNELBASE.dll
0x00007ffa3d180000 - 0x00007ffa3d280000 	C:\Windows\System32\ucrtbase.dll
0x00007ffa3a400000 - 0x00007ffa3a41b000 	D:\IntelliJ IDEA 2024.2.1\jbr\bin\VCRUNTIME140.dll
0x00007ffa3a350000 - 0x00007ffa3a368000 	D:\IntelliJ IDEA 2024.2.1\jbr\bin\jli.dll
0x00007ffa3ed70000 - 0x00007ffa3ef0d000 	C:\Windows\System32\USER32.dll
0x00007ffa2b7f0000 - 0x00007ffa2ba8a000 	C:\Windows\WinSxS\amd64_microsoft.windows.common-controls_6595b64144ccf1df_6.0.19041.4355_none_60b8b9eb71f62e16\COMCTL32.dll
0x00007ffa3d750000 - 0x00007ffa3d772000 	C:\Windows\System32\win32u.dll
0x00007ffa3efc0000 - 0x00007ffa3f05e000 	C:\Windows\System32\msvcrt.dll
0x00007ffa3e0b0000 - 0x00007ffa3e0db000 	C:\Windows\System32\GDI32.dll
0x00007ffa3d580000 - 0x00007ffa3d697000 	C:\Windows\System32\gdi32full.dll
0x00007ffa3d090000 - 0x00007ffa3d12d000 	C:\Windows\System32\msvcp_win.dll
0x00007ffa3f190000 - 0x00007ffa3f1bf000 	C:\Windows\System32\IMM32.DLL
0x00007ffa388c0000 - 0x00007ffa388cc000 	D:\IntelliJ IDEA 2024.2.1\jbr\bin\vcruntime140_1.dll
0x00007ffa22480000 - 0x00007ffa2250d000 	D:\IntelliJ IDEA 2024.2.1\jbr\bin\msvcp140.dll
0x00007ffa03060000 - 0x00007ffa03e12000 	D:\IntelliJ IDEA 2024.2.1\jbr\bin\server\jvm.dll
0x00007ffa3f060000 - 0x00007ffa3f111000 	C:\Windows\System32\ADVAPI32.dll
0x00007ffa3e0e0000 - 0x00007ffa3e17f000 	C:\Windows\System32\sechost.dll
0x00007ffa3e180000 - 0x00007ffa3e2a3000 	C:\Windows\System32\RPCRT4.dll
0x00007ffa3d780000 - 0x00007ffa3d7a7000 	C:\Windows\System32\bcrypt.dll
0x00007ffa3f120000 - 0x00007ffa3f18b000 	C:\Windows\System32\WS2_32.dll
0x00007ffa3cc90000 - 0x00007ffa3ccdb000 	C:\Windows\SYSTEM32\POWRPROF.dll
0x00007ffa31b70000 - 0x00007ffa31b7a000 	C:\Windows\SYSTEM32\VERSION.dll
0x00007ffa31b10000 - 0x00007ffa31b37000 	C:\Windows\SYSTEM32\WINMM.dll
0x00007ffa3cc70000 - 0x00007ffa3cc82000 	C:\Windows\SYSTEM32\UMPDC.dll
0x00007ffa3acb0000 - 0x00007ffa3acc2000 	C:\Windows\SYSTEM32\kernel.appcore.dll
0x00007ffa388b0000 - 0x00007ffa388ba000 	D:\IntelliJ IDEA 2024.2.1\jbr\bin\jimage.dll
0x00007ffa31d40000 - 0x00007ffa31f24000 	C:\Windows\SYSTEM32\DBGHELP.DLL
0x00007ffa27100000 - 0x00007ffa27134000 	C:\Windows\SYSTEM32\dbgcore.DLL
0x00007ffa3ce30000 - 0x00007ffa3ceb2000 	C:\Windows\System32\bcryptPrimitives.dll
0x00007ffa38750000 - 0x00007ffa3876f000 	D:\IntelliJ IDEA 2024.2.1\jbr\bin\java.dll
0x00007ffa38710000 - 0x00007ffa38728000 	D:\IntelliJ IDEA 2024.2.1\jbr\bin\zip.dll
0x00007ffa3d940000 - 0x00007ffa3e0ad000 	C:\Windows\System32\SHELL32.dll
0x00007ffa3aeb0000 - 0x00007ffa3b654000 	C:\Windows\SYSTEM32\windows.storage.dll
0x00007ffa3f1c0000 - 0x00007ffa3f513000 	C:\Windows\System32\combase.dll
0x00007ffa3c790000 - 0x00007ffa3c7be000 	C:\Windows\SYSTEM32\Wldp.dll
0x00007ffa3d870000 - 0x00007ffa3d93d000 	C:\Windows\System32\OLEAUT32.dll
0x00007ffa3f520000 - 0x00007ffa3f5cd000 	C:\Windows\System32\SHCORE.dll
0x00007ffa3d7b0000 - 0x00007ffa3d805000 	C:\Windows\System32\shlwapi.dll
0x00007ffa3cd60000 - 0x00007ffa3cd84000 	C:\Windows\SYSTEM32\profapi.dll
0x00007ffa38700000 - 0x00007ffa38710000 	D:\IntelliJ IDEA 2024.2.1\jbr\bin\net.dll
0x00007ffa34e00000 - 0x00007ffa34f0d000 	C:\Windows\SYSTEM32\WINHTTP.dll
0x00007ffa3c4f0000 - 0x00007ffa3c55a000 	C:\Windows\system32\mswsock.dll
0x00007ffa38690000 - 0x00007ffa386a6000 	D:\IntelliJ IDEA 2024.2.1\jbr\bin\nio.dll
0x00007ffa3c1d0000 - 0x00007ffa3c20b000 	C:\Windows\SYSTEM32\IPHLPAPI.DLL
0x00007ffa3f5d0000 - 0x00007ffa3f5d8000 	C:\Windows\System32\NSI.dll
0x00007ffa3c6e0000 - 0x00007ffa3c6f8000 	C:\Windows\SYSTEM32\CRYPTSP.dll
0x00007ffa3be10000 - 0x00007ffa3be44000 	C:\Windows\system32\rsaenh.dll
0x00007ffa3cd20000 - 0x00007ffa3cd4e000 	C:\Windows\SYSTEM32\USERENV.dll
0x00007ffa3c700000 - 0x00007ffa3c70c000 	C:\Windows\SYSTEM32\CRYPTBASE.dll
0x00007ffa38620000 - 0x00007ffa38629000 	D:\IntelliJ IDEA 2024.2.1\jbr\bin\extnet.dll
0x00007ffa3a340000 - 0x00007ffa3a347000 	D:\IntelliJ IDEA 2024.2.1\jbr\bin\rmi.dll
0x00007ffa3c210000 - 0x00007ffa3c2da000 	C:\Windows\SYSTEM32\DNSAPI.dll
0x0000000053f70000 - 0x0000000053f96000 	C:\Program Files\Bonjour\mdnsNSP.dll
0x00007ffa35710000 - 0x00007ffa3571a000 	C:\Windows\System32\rasadhlp.dll
0x00007ffa2b5b0000 - 0x00007ffa2b630000 	C:\Windows\System32\fwpuclnt.dll
0x00007ffa38630000 - 0x00007ffa3863e000 	D:\IntelliJ IDEA 2024.2.1\jbr\bin\sunmscapi.dll
0x00007ffa3cec0000 - 0x00007ffa3d01c000 	C:\Windows\System32\CRYPT32.dll
0x00007ffa3c800000 - 0x00007ffa3c827000 	C:\Windows\SYSTEM32\ncrypt.dll
0x00007ffa3c7c0000 - 0x00007ffa3c7fb000 	C:\Windows\SYSTEM32\NTASN1.dll

dbghelp: loaded successfully - version: 4.0.5 - missing functions: none
symbol engine: initialized successfully - sym options: 0x614 - pdb path: .;D:\IntelliJ IDEA 2024.2.1\jbr\bin;C:\Windows\SYSTEM32;C:\Windows\WinSxS\amd64_microsoft.windows.common-controls_6595b64144ccf1df_6.0.19041.4355_none_60b8b9eb71f62e16;D:\IntelliJ IDEA 2024.2.1\jbr\bin\server;C:\Program Files\Bonjour

VM Arguments:
jvm_args: -Djava.rmi.server.hostname=127.0.0.1 -Duser.timezone=UTC -Xmx2048m -Xms128m -Djdbc.classpath=D:\IntelliJ IDEA 2024.2.1\plugins\DatabaseTools\lib\jdbc-console.jar;C:\Users\Admin\AppData\Roaming\JetBrains\IntelliJIdea2024.2\jdbc-drivers\MySQL ConnectorJ\8.2.0\com\mysql\mysql-connector-j\8.2.0\mysql-connector-j-8.2.0.jar;C:\Users\Admin\AppData\Roaming\JetBrains\IntelliJIdea2024.2\jdbc-drivers\MySQL ConnectorJ\8.2.0\com\google\protobuf\protobuf-java\3.21.9\protobuf-java-3.21.9.jar --add-exports=java.desktop/sun.awt=ALL-UNNAMED --add-exports=java.desktop/java.awt.peer=ALL-UNNAMED --add-opens=java.desktop/java.awt=ALL-UNNAMED --add-opens=jdk.unsupported/sun.misc=ALL-UNNAMED --add-opens=java.base/java.nio=ALL-UNNAMED --add-opens=java.base/java.util=ALL-UNNAMED -Dfile.encoding=UTF-8 -Dsun.stdout.encoding=UTF-8 -Dsun.stderr.encoding=UTF-8 
java_command: com.intellij.database.remote.RemoteJdbcServer com.mysql.cj.jdbc.Driver
java_class_path (initial): D:\IntelliJ IDEA 2024.2.1\lib\util_rt.jar;D:\IntelliJ IDEA 2024.2.1\lib\util-8.jar;D:\IntelliJ IDEA 2024.2.1\lib\groovy.jar;D:\IntelliJ IDEA 2024.2.1\plugins\DatabaseTools\lib\jdbc-console.jar;D:\IntelliJ IDEA 2024.2.1\plugins\grid-core-impl\lib\jdbc-console-types.jar;D:\IntelliJ IDEA 2024.2.1\lib\util.jar;D:\IntelliJ IDEA 2024.2.1\lib\bouncy-castle.jar
Launcher Type: SUN_STANDARD

[Global flags]
     intx CICompilerCount                          = 4                                         {product} {ergonomic}
     uint ConcGCThreads                            = 3                                         {product} {ergonomic}
     uint G1ConcRefinementThreads                  = 10                                        {product} {ergonomic}
   size_t G1HeapRegionSize                         = 1048576                                   {product} {ergonomic}
    uintx GCDrainStackTargetSize                   = 64                                        {product} {ergonomic}
   size_t InitialHeapSize                          = 134217728                                 {product} {command line}
   size_t MarkStackSize                            = 4194304                                   {product} {ergonomic}
   size_t MaxHeapSize                              = 2147483648                                {product} {command line}
   size_t MaxNewSize                               = 1287651328                                {product} {ergonomic}
   size_t MinHeapDeltaBytes                        = 1048576                                   {product} {ergonomic}
   size_t MinHeapSize                              = 134217728                                 {product} {command line}
    uintx NonNMethodCodeHeapSize                   = 5839372                                {pd product} {ergonomic}
    uintx NonProfiledCodeHeapSize                  = 122909434                              {pd product} {ergonomic}
    uintx ProfiledCodeHeapSize                     = 122909434                              {pd product} {ergonomic}
    uintx ReservedCodeCacheSize                    = 251658240                              {pd product} {ergonomic}
     bool SegmentedCodeCache                       = true                                      {product} {ergonomic}
   size_t SoftMaxHeapSize                          = 2147483648                             {manageable} {ergonomic}
     bool UseCompressedOops                        = true                           {product lp64_product} {ergonomic}
     bool UseG1GC                                  = true                                      {product} {ergonomic}
     bool UseLargePagesIndividualAllocation        = false                                  {pd product} {ergonomic}

Logging:
Log output configuration:
 #0: stdout all=warning uptime,level,tags foldmultilines=false
 #1: stderr all=off uptime,level,tags foldmultilines=false

Environment Variables:
PATH=C:\Windows\system32;C:\Windows;C:\Windows\System32\Wbem;C:\Windows\System32\WindowsPowerShell\v1.0\;C:\Windows\System32\OpenSSH\;D:\Git\cmd;C:\Program Files\MySQL\MySQL Shell 8.0\bin\;C:\Users\Admin\AppData\Local\Microsoft\WindowsApps;;C:\Users\Admin\AppData\Local\Programs\Azure Data Studio\bin;C:\Users\Admin\AppData\Local\Programs\Microsoft VS Code\bin
USERNAME=Admin
OS=Windows_NT
PROCESSOR_IDENTIFIER=AMD64 Family 23 Model 96 Stepping 1, AuthenticAMD
TMP=C:\Users\Admin\AppData\Local\Temp
TEMP=C:\Users\Admin\AppData\Local\Temp




Periodic native trim disabled

JNI global refs:
JNI global refs: 17, weak refs: 0

JNI global refs memory usage: 835, weak refs: 201

Process memory usage:
Resident Set Size: 44388K (0% of 7761244K total physical memory with 602380K free physical memory)

OOME stack traces (most recent first):
Classloader memory used:
Loader bootstrap                                                                       : 22070K
Loader jdk.internal.loader.ClassLoaders$AppClassLoader                                 : 2981K
Loader com.intellij.database.remote.jdbc.impl.JdbcClassLoader$JdbcClassLoaderImpl      : 2883K
Loader jdk.internal.loader.ClassLoaders$PlatformClassLoader                            : 759K
Loader jdk.internal.reflect.DelegatingClassLoader                                      : 113K
Loader com.intellij.database.remote.jdbc.impl.JdbcClassLoader$1                        : 6912B

---------------  S Y S T E M  ---------------

OS:
 Windows 10 , 64 bit Build 19041 (10.0.19041.5198)
OS uptime: 0 days 6:26 hours

CPU: total 12 (initial active 12) (12 cores per cpu, 2 threads per core) family 23 model 96 stepping 1 microcode 0x0, cx8, cmov, fxsr, ht, mmx, 3dnowpref, sse, sse2, sse3, ssse3, sse4a, sse4.1, sse4.2, popcnt, lzcnt, tsc, tscinvbit, avx, avx2, aes, clmul, bmi1, bmi2, adx, sha, fma, vzeroupper, clflush, clflushopt, rdtscp, rdpid, f16c
Processor Information for all 12 processors :
  Max Mhz: 3000, Current Mhz: 3000, Mhz Limit: 3000

Memory: 4k page, system-wide physical 7579M (583M free)
TotalPageFile size 20380M (AvailPageFile size 4M)
current process WorkingSet (physical memory assigned to process): 49M, peak: 133M
current process commit charge ("private bytes"): 254M, peak: 283M

vm_info: OpenJDK 64-Bit Server VM (21.0.3+13-b509.11) for windows-amd64 JRE (21.0.3+13-b509.11), built on 2024-08-12 by "builduser" with MS VC++ 16.10 / 16.11 (VS2019)

END.
