#
# There is insufficient memory for the Java Runtime Environment to continue.
# Native memory allocation (malloc) failed to allocate 1587712 bytes. Error detail: Chunk::new
# Possible reasons:
#   The system is out of physical RAM or swap space
#   This process is running with CompressedOops enabled, and the Java Heap may be blocking the growth of the native heap
# Possible solutions:
#   Reduce memory load on the system
#   Increase physical memory or swap space
#   Check if swap backing store is full
#   Decrease Java heap size (-Xmx/-Xms)
#   Decrease number of Java threads
#   Decrease Java thread stack sizes (-Xss)
#   Set larger code cache with -XX:ReservedCodeCacheSize=
#   JVM is running with Unscaled Compressed Oops mode in which the Java heap is
#     placed in the first 4GB address space. The Java Heap base address is the
#     maximum limit for the native heap growth. Please use -XX:HeapBaseMinAddress
#     to set the Java Heap base and to place the Java Heap above 4GB virtual address.
# This output file may be truncated or incomplete.
#
#  Out of Memory Error (arena.cpp:168), pid=12024, tid=2124
#
# JRE version: OpenJDK Runtime Environment JBR-21.0.3+13-509.11-jcef (21.0.3+13) (build 21.0.3+13-b509.11)
# Java VM: OpenJDK 64-Bit Server VM JBR-21.0.3+13-509.11-jcef (21.0.3+13-b509.11, mixed mode, tiered, compressed oops, compressed class ptrs, g1 gc, windows-amd64)
# No core dump will be written. Minidumps are not enabled by default on client versions of Windows
#

---------------  S U M M A R Y ------------

Command Line: -Djava.rmi.server.hostname=127.0.0.1 -Duser.timezone=UTC -Xmx2048m -Xms128m -Djdbc.classpath=D:\IntelliJ IDEA 2024.2.1\plugins\DatabaseTools\lib\jdbc-console.jar;C:\Users\Admin\AppData\Roaming\JetBrains\IntelliJIdea2024.2\jdbc-drivers\MySQL ConnectorJ\8.2.0\com\mysql\mysql-connector-j\8.2.0\mysql-connector-j-8.2.0.jar;C:\Users\Admin\AppData\Roaming\JetBrains\IntelliJIdea2024.2\jdbc-drivers\MySQL ConnectorJ\8.2.0\com\google\protobuf\protobuf-java\3.21.9\protobuf-java-3.21.9.jar --add-exports=java.desktop/sun.awt=ALL-UNNAMED --add-exports=java.desktop/java.awt.peer=ALL-UNNAMED --add-opens=java.desktop/java.awt=ALL-UNNAMED --add-opens=jdk.unsupported/sun.misc=ALL-UNNAMED --add-opens=java.base/java.nio=ALL-UNNAMED --add-opens=java.base/java.util=ALL-UNNAMED -Dfile.encoding=UTF-8 -Dsun.stdout.encoding=UTF-8 -Dsun.stderr.encoding=UTF-8 com.intellij.database.remote.RemoteJdbcServer com.mysql.cj.jdbc.Driver

Host: AMD Ryzen 5 4600H with Radeon Graphics         , 12 cores, 7G,  Windows 10 , 64 bit Build 19041 (10.0.19041.5198)
Time: Thu Jan  9 16:09:02 2025 SE Asia Standard Time elapsed time: 120.406908 seconds (0d 0h 2m 0s)

---------------  T H R E A D  ---------------

Current thread (0x0000024eb4528f10):  JavaThread "C2 CompilerThread1" daemon [_thread_in_native, id=2124, stack(0x00000077d0400000,0x00000077d0500000) (1024K)]


Current CompileTask:
C2: 120406 3772   !   4       java.io.ObjectStreamClass::readNonProxy (395 bytes)

Stack: [0x00000077d0400000,0x00000077d0500000]
Native frames: (J=compiled Java code, j=interpreted, Vv=VM code, C=native code)
V  [jvm.dll+0x6e02f9]
V  [jvm.dll+0x8bd383]
V  [jvm.dll+0x8bf8de]
V  [jvm.dll+0x8bffc3]
V  [jvm.dll+0x2879c6]
V  [jvm.dll+0xc60ad]
V  [jvm.dll+0xc65e3]
V  [jvm.dll+0x3c001b]
V  [jvm.dll+0x38c777]
V  [jvm.dll+0x38bbea]
V  [jvm.dll+0x24f3d2]
V  [jvm.dll+0x24e9a1]
V  [jvm.dll+0x1cd034]
V  [jvm.dll+0x25e13c]
V  [jvm.dll+0x25c616]
V  [jvm.dll+0x3fb056]
V  [jvm.dll+0x865338]
V  [jvm.dll+0x6deb3d]
C  [ucrtbase.dll+0x21bb2]
C  [KERNEL32.DLL+0x17374]
C  [ntdll.dll+0x4cc91]


---------------  P R O C E S S  ---------------

Threads class SMR info:
_java_thread_list=0x0000024eb45239f0, length=22, elements={
0x0000024e940ed950, 0x0000024eaeb58b80, 0x0000024eaeb5b750, 0x0000024eaeb61770,
0x0000024eaeb621d0, 0x0000024eaeb62c30, 0x0000024eaeb63690, 0x0000024eaeb5f730,
0x0000024eaeb60b20, 0x0000024eaed4a540, 0x0000024eaed4bdf0, 0x0000024eb32c7610,
0x0000024eb33a9250, 0x0000024eb3175c40, 0x0000024eb321ccd0, 0x0000024eb324a250,
0x0000024eb3749ba0, 0x0000024eb34c6c50, 0x0000024eb34d4bb0, 0x0000024eb34d6c80,
0x0000024eb34d5240, 0x0000024eb4528f10
}

Java Threads: ( => current thread )
  0x0000024e940ed950 JavaThread "main"                              [_thread_blocked, id=12140, stack(0x00000077d0700000,0x00000077d0800000) (1024K)]
  0x0000024eaeb58b80 JavaThread "Reference Handler"          daemon [_thread_blocked, id=12824, stack(0x00000077d0f00000,0x00000077d1000000) (1024K)]
  0x0000024eaeb5b750 JavaThread "Finalizer"                  daemon [_thread_blocked, id=9184, stack(0x00000077d1000000,0x00000077d1100000) (1024K)]
  0x0000024eaeb61770 JavaThread "Signal Dispatcher"          daemon [_thread_blocked, id=2840, stack(0x00000077d1100000,0x00000077d1200000) (1024K)]
  0x0000024eaeb621d0 JavaThread "Attach Listener"            daemon [_thread_blocked, id=11336, stack(0x00000077d1200000,0x00000077d1300000) (1024K)]
  0x0000024eaeb62c30 JavaThread "Service Thread"             daemon [_thread_blocked, id=12484, stack(0x00000077d1300000,0x00000077d1400000) (1024K)]
  0x0000024eaeb63690 JavaThread "Monitor Deflation Thread"   daemon [_thread_blocked, id=4148, stack(0x00000077d1400000,0x00000077d1500000) (1024K)]
  0x0000024eaeb5f730 JavaThread "C2 CompilerThread0"         daemon [_thread_blocked, id=2800, stack(0x00000077d1500000,0x00000077d1600000) (1024K)]
  0x0000024eaeb60b20 JavaThread "C1 CompilerThread0"         daemon [_thread_blocked, id=3028, stack(0x00000077d1600000,0x00000077d1700000) (1024K)]
  0x0000024eaed4a540 JavaThread "Common-Cleaner"             daemon [_thread_blocked, id=8052, stack(0x00000077d1700000,0x00000077d1800000) (1024K)]
  0x0000024eaed4bdf0 JavaThread "Notification Thread"        daemon [_thread_blocked, id=2796, stack(0x00000077d1800000,0x00000077d1900000) (1024K)]
  0x0000024eb32c7610 JavaThread "mysql-cj-abandoned-connection-cleanup" daemon [_thread_blocked, id=1600, stack(0x00000077d1a00000,0x00000077d1b00000) (1024K)]
  0x0000024eb33a9250 JavaThread "RMI TCP Accept-50821"       daemon [_thread_in_native, id=8324, stack(0x00000077d1b00000,0x00000077d1c00000) (1024K)]
  0x0000024eb3175c40 JavaThread "RMI TCP Accept-0"           daemon [_thread_in_native, id=3976, stack(0x00000077d1c00000,0x00000077d1d00000) (1024K)]
  0x0000024eb321ccd0 JavaThread "RMI Reaper"                        [_thread_blocked, id=9212, stack(0x00000077d1d00000,0x00000077d1e00000) (1024K)]
  0x0000024eb324a250 JavaThread "RMI GC Daemon"              daemon [_thread_blocked, id=8304, stack(0x00000077d1e00000,0x00000077d1f00000) (1024K)]
  0x0000024eb3749ba0 JavaThread "RMI TCP Connection(2)-127.0.0.1" daemon [_thread_in_native, id=13272, stack(0x00000077d2000000,0x00000077d2100000) (1024K)]
  0x0000024eb34c6c50 JavaThread "RMI Scheduler(0)"           daemon [_thread_blocked, id=15352, stack(0x00000077d2100000,0x00000077d2200000) (1024K)]
  0x0000024eb34d4bb0 JavaThread "RMI TCP Connection(6)-127.0.0.1" daemon [_thread_in_native, id=3792, stack(0x00000077d2200000,0x00000077d2300000) (1024K)]
  0x0000024eb34d6c80 JavaThread "RMI TCP Connection(5)-127.0.0.1" daemon [_thread_in_native, id=10312, stack(0x00000077d2300000,0x00000077d2400000) (1024K)]
  0x0000024eb34d5240 JavaThread "RMI RenewClean-[127.0.0.1:52728]" daemon [_thread_blocked, id=5988, stack(0x00000077d2400000,0x00000077d2500000) (1024K)]
=>0x0000024eb4528f10 JavaThread "C2 CompilerThread1"         daemon [_thread_in_native, id=2124, stack(0x00000077d0400000,0x00000077d0500000) (1024K)]
Total: 22

Other Threads:
  0x0000024eae9967e0 VMThread "VM Thread"                           [id=2768, stack(0x00000077d0e00000,0x00000077d0f00000) (1024K)]
  0x0000024eae931140 WatcherThread "VM Periodic Task Thread"        [id=14408, stack(0x00000077d0d00000,0x00000077d0e00000) (1024K)]
  0x0000024e94142f60 WorkerThread "GC Thread#0"                     [id=11404, stack(0x00000077d0800000,0x00000077d0900000) (1024K)]
  0x0000024eb3ba3a30 WorkerThread "GC Thread#1"                     [id=15168, stack(0x00000077d2500000,0x00000077d2600000) (1024K)]
  0x0000024eb3baa200 WorkerThread "GC Thread#2"                     [id=2164, stack(0x00000077d2600000,0x00000077d2700000) (1024K)]
  0x0000024eb36f3bd0 WorkerThread "GC Thread#3"                     [id=13264, stack(0x00000077d2700000,0x00000077d2800000) (1024K)]
  0x0000024eb3be3920 WorkerThread "GC Thread#4"                     [id=10460, stack(0x00000077d2800000,0x00000077d2900000) (1024K)]
  0x0000024eb370af70 WorkerThread "GC Thread#5"                     [id=10492, stack(0x00000077d2900000,0x00000077d2a00000) (1024K)]
  0x0000024eb3bd2870 WorkerThread "GC Thread#6"                     [id=13656, stack(0x00000077d2a00000,0x00000077d2b00000) (1024K)]
  0x0000024eb36cae00 WorkerThread "GC Thread#7"                     [id=6360, stack(0x00000077d2b00000,0x00000077d2c00000) (1024K)]
  0x0000024eb3c11030 WorkerThread "GC Thread#8"                     [id=15192, stack(0x00000077d2c00000,0x00000077d2d00000) (1024K)]
  0x0000024eb3c113d0 WorkerThread "GC Thread#9"                     [id=12972, stack(0x00000077d2d00000,0x00000077d2e00000) (1024K)]
  0x0000024e94155420 ConcurrentGCThread "G1 Main Marker"            [id=11912, stack(0x00000077d0900000,0x00000077d0a00000) (1024K)]
  0x0000024e94155e30 WorkerThread "G1 Conc#0"                       [id=2612, stack(0x00000077d0a00000,0x00000077d0b00000) (1024K)]
  0x0000024eb3c4dad0 WorkerThread "G1 Conc#1"                       [id=12568, stack(0x00000077d2e00000,0x00000077d2f00000) (1024K)]
  0x0000024eb3c4de70 WorkerThread "G1 Conc#2"                       [id=11460, stack(0x00000077d2f00000,0x00000077d3000000) (1024K)]
  0x0000024e941be5b0 ConcurrentGCThread "G1 Refine#0"               [id=3588, stack(0x00000077d0b00000,0x00000077d0c00000) (1024K)]
  0x0000024eae7f5240 ConcurrentGCThread "G1 Service"                [id=2312, stack(0x00000077d0c00000,0x00000077d0d00000) (1024K)]
Total: 18

Threads with active compile tasks:
C2 CompilerThread1   120419 3772   !   4       java.io.ObjectStreamClass::readNonProxy (395 bytes)
Total: 1

VM state: not at safepoint (normal execution)

VM Mutex/Monitor currently owned by a thread: None

Heap address: 0x0000000080000000, size: 2048 MB, Compressed Oops mode: 32-bit

CDS archive(s) not mapped
Compressed class space mapped at: 0x0000000100000000-0x0000000140000000, reserved size: 1073741824
Narrow klass base: 0x0000000000000000, Narrow klass shift: 3, Narrow klass range: 0x140000000

GC Precious Log:
 CardTable entry size: 512
 Card Set container configuration: InlinePtr #cards 5 size 8 Array Of Cards #cards 12 size 40 Howl #buckets 4 coarsen threshold 1843 Howl Bitmap #cards 512 size 80 coarsen threshold 460 Card regions per heap region 1 cards per card region 2048
 CPUs: 12 total, 12 available
 Memory: 7579M
 Large Page Support: Disabled
 NUMA Support: Disabled
 Compressed Oops: Enabled (32-bit)
 Heap Region Size: 1M
 Heap Min Capacity: 128M
 Heap Initial Capacity: 128M
 Heap Max Capacity: 2G
 Pre-touch: Disabled
 Parallel Workers: 10
 Concurrent Workers: 3
 Concurrent Refinement Workers: 10
 Periodic GC: Disabled

Heap:
 garbage-first heap   total 131072K, used 33712K [0x0000000080000000, 0x0000000100000000)
  region size 1024K, 25 young (25600K), 4 survivors (4096K)
 Metaspace       used 29222K, committed 29760K, reserved 1114112K
  class space    used 3001K, committed 3264K, reserved 1048576K

Heap Regions: E=young(eden), S=young(survivor), O=old, HS=humongous(starts), HC=humongous(continues), CS=collection set, F=free, TAMS=top-at-mark-start, PB=parsable bottom
|   0|0x0000000080000000, 0x0000000080100000, 0x0000000080100000|100%|HS|  |TAMS 0x0000000080000000| PB 0x0000000080000000| Complete 
|   1|0x0000000080100000, 0x0000000080200000, 0x0000000080200000|100%|HC|  |TAMS 0x0000000080100000| PB 0x0000000080100000| Complete 
|   2|0x0000000080200000, 0x0000000080300000, 0x0000000080300000|100%|HS|  |TAMS 0x0000000080200000| PB 0x0000000080200000| Complete 
|   3|0x0000000080300000, 0x0000000080400000, 0x0000000080400000|100%|HS|  |TAMS 0x0000000080300000| PB 0x0000000080300000| Complete 
|   4|0x0000000080400000, 0x0000000080500000, 0x0000000080500000|100%| O|  |TAMS 0x0000000080400000| PB 0x0000000080400000| Untracked 
|   5|0x0000000080500000, 0x0000000080600000, 0x0000000080600000|100%| O|  |TAMS 0x0000000080500000| PB 0x0000000080500000| Untracked 
|   6|0x0000000080600000, 0x0000000080700000, 0x0000000080700000|100%| O|  |TAMS 0x0000000080600000| PB 0x0000000080600000| Untracked 
|   7|0x0000000080700000, 0x0000000080800000, 0x0000000080800000|100%| O|  |TAMS 0x0000000080700000| PB 0x0000000080700000| Untracked 
|   8|0x0000000080800000, 0x0000000080900000, 0x0000000080900000|100%| O|  |TAMS 0x0000000080800000| PB 0x0000000080800000| Untracked 
|   9|0x0000000080900000, 0x000000008094cc98, 0x0000000080a00000| 29%| O|  |TAMS 0x0000000080900000| PB 0x0000000080900000| Untracked 
|  10|0x0000000080a00000, 0x0000000080a00000, 0x0000000080b00000|  0%| F|  |TAMS 0x0000000080a00000| PB 0x0000000080a00000| Untracked 
|  11|0x0000000080b00000, 0x0000000080b00000, 0x0000000080c00000|  0%| F|  |TAMS 0x0000000080b00000| PB 0x0000000080b00000| Untracked 
|  12|0x0000000080c00000, 0x0000000080c00000, 0x0000000080d00000|  0%| F|  |TAMS 0x0000000080c00000| PB 0x0000000080c00000| Untracked 
|  13|0x0000000080d00000, 0x0000000080d00000, 0x0000000080e00000|  0%| F|  |TAMS 0x0000000080d00000| PB 0x0000000080d00000| Untracked 
|  14|0x0000000080e00000, 0x0000000080e00000, 0x0000000080f00000|  0%| F|  |TAMS 0x0000000080e00000| PB 0x0000000080e00000| Untracked 
|  15|0x0000000080f00000, 0x0000000080f00000, 0x0000000081000000|  0%| F|  |TAMS 0x0000000080f00000| PB 0x0000000080f00000| Untracked 
|  16|0x0000000081000000, 0x0000000081000000, 0x0000000081100000|  0%| F|  |TAMS 0x0000000081000000| PB 0x0000000081000000| Untracked 
|  17|0x0000000081100000, 0x0000000081100000, 0x0000000081200000|  0%| F|  |TAMS 0x0000000081100000| PB 0x0000000081100000| Untracked 
|  18|0x0000000081200000, 0x0000000081200000, 0x0000000081300000|  0%| F|  |TAMS 0x0000000081200000| PB 0x0000000081200000| Untracked 
|  19|0x0000000081300000, 0x0000000081300000, 0x0000000081400000|  0%| F|  |TAMS 0x0000000081300000| PB 0x0000000081300000| Untracked 
|  20|0x0000000081400000, 0x0000000081400000, 0x0000000081500000|  0%| F|  |TAMS 0x0000000081400000| PB 0x0000000081400000| Untracked 
|  21|0x0000000081500000, 0x0000000081500000, 0x0000000081600000|  0%| F|  |TAMS 0x0000000081500000| PB 0x0000000081500000| Untracked 
|  22|0x0000000081600000, 0x0000000081600000, 0x0000000081700000|  0%| F|  |TAMS 0x0000000081600000| PB 0x0000000081600000| Untracked 
|  23|0x0000000081700000, 0x0000000081700000, 0x0000000081800000|  0%| F|  |TAMS 0x0000000081700000| PB 0x0000000081700000| Untracked 
|  24|0x0000000081800000, 0x0000000081800000, 0x0000000081900000|  0%| F|  |TAMS 0x0000000081800000| PB 0x0000000081800000| Untracked 
|  25|0x0000000081900000, 0x0000000081900000, 0x0000000081a00000|  0%| F|  |TAMS 0x0000000081900000| PB 0x0000000081900000| Untracked 
|  26|0x0000000081a00000, 0x0000000081a00000, 0x0000000081b00000|  0%| F|  |TAMS 0x0000000081a00000| PB 0x0000000081a00000| Untracked 
|  27|0x0000000081b00000, 0x0000000081b00000, 0x0000000081c00000|  0%| F|  |TAMS 0x0000000081b00000| PB 0x0000000081b00000| Untracked 
|  28|0x0000000081c00000, 0x0000000081c00000, 0x0000000081d00000|  0%| F|  |TAMS 0x0000000081c00000| PB 0x0000000081c00000| Untracked 
|  29|0x0000000081d00000, 0x0000000081d00000, 0x0000000081e00000|  0%| F|  |TAMS 0x0000000081d00000| PB 0x0000000081d00000| Untracked 
|  30|0x0000000081e00000, 0x0000000081e00000, 0x0000000081f00000|  0%| F|  |TAMS 0x0000000081e00000| PB 0x0000000081e00000| Untracked 
|  31|0x0000000081f00000, 0x0000000081f00000, 0x0000000082000000|  0%| F|  |TAMS 0x0000000081f00000| PB 0x0000000081f00000| Untracked 
|  32|0x0000000082000000, 0x0000000082000000, 0x0000000082100000|  0%| F|  |TAMS 0x0000000082000000| PB 0x0000000082000000| Untracked 
|  33|0x0000000082100000, 0x0000000082100000, 0x0000000082200000|  0%| F|  |TAMS 0x0000000082100000| PB 0x0000000082100000| Untracked 
|  34|0x0000000082200000, 0x0000000082200000, 0x0000000082300000|  0%| F|  |TAMS 0x0000000082200000| PB 0x0000000082200000| Untracked 
|  35|0x0000000082300000, 0x0000000082300000, 0x0000000082400000|  0%| F|  |TAMS 0x0000000082300000| PB 0x0000000082300000| Untracked 
|  36|0x0000000082400000, 0x0000000082400000, 0x0000000082500000|  0%| F|  |TAMS 0x0000000082400000| PB 0x0000000082400000| Untracked 
|  37|0x0000000082500000, 0x0000000082500000, 0x0000000082600000|  0%| F|  |TAMS 0x0000000082500000| PB 0x0000000082500000| Untracked 
|  38|0x0000000082600000, 0x0000000082600000, 0x0000000082700000|  0%| F|  |TAMS 0x0000000082600000| PB 0x0000000082600000| Untracked 
|  39|0x0000000082700000, 0x0000000082700000, 0x0000000082800000|  0%| F|  |TAMS 0x0000000082700000| PB 0x0000000082700000| Untracked 
|  40|0x0000000082800000, 0x0000000082800000, 0x0000000082900000|  0%| F|  |TAMS 0x0000000082800000| PB 0x0000000082800000| Untracked 
|  41|0x0000000082900000, 0x0000000082900000, 0x0000000082a00000|  0%| F|  |TAMS 0x0000000082900000| PB 0x0000000082900000| Untracked 
|  42|0x0000000082a00000, 0x0000000082a00000, 0x0000000082b00000|  0%| F|  |TAMS 0x0000000082a00000| PB 0x0000000082a00000| Untracked 
|  43|0x0000000082b00000, 0x0000000082b00000, 0x0000000082c00000|  0%| F|  |TAMS 0x0000000082b00000| PB 0x0000000082b00000| Untracked 
|  44|0x0000000082c00000, 0x0000000082c00000, 0x0000000082d00000|  0%| F|  |TAMS 0x0000000082c00000| PB 0x0000000082c00000| Untracked 
|  45|0x0000000082d00000, 0x0000000082d00000, 0x0000000082e00000|  0%| F|  |TAMS 0x0000000082d00000| PB 0x0000000082d00000| Untracked 
|  46|0x0000000082e00000, 0x0000000082e00000, 0x0000000082f00000|  0%| F|  |TAMS 0x0000000082e00000| PB 0x0000000082e00000| Untracked 
|  47|0x0000000082f00000, 0x0000000082f00000, 0x0000000083000000|  0%| F|  |TAMS 0x0000000082f00000| PB 0x0000000082f00000| Untracked 
|  48|0x0000000083000000, 0x0000000083000000, 0x0000000083100000|  0%| F|  |TAMS 0x0000000083000000| PB 0x0000000083000000| Untracked 
|  49|0x0000000083100000, 0x0000000083100000, 0x0000000083200000|  0%| F|  |TAMS 0x0000000083100000| PB 0x0000000083100000| Untracked 
|  50|0x0000000083200000, 0x0000000083200000, 0x0000000083300000|  0%| F|  |TAMS 0x0000000083200000| PB 0x0000000083200000| Untracked 
|  51|0x0000000083300000, 0x0000000083300000, 0x0000000083400000|  0%| F|  |TAMS 0x0000000083300000| PB 0x0000000083300000| Untracked 
|  52|0x0000000083400000, 0x0000000083400000, 0x0000000083500000|  0%| F|  |TAMS 0x0000000083400000| PB 0x0000000083400000| Untracked 
|  53|0x0000000083500000, 0x0000000083500000, 0x0000000083600000|  0%| F|  |TAMS 0x0000000083500000| PB 0x0000000083500000| Untracked 
|  54|0x0000000083600000, 0x0000000083600000, 0x0000000083700000|  0%| F|  |TAMS 0x0000000083600000| PB 0x0000000083600000| Untracked 
|  55|0x0000000083700000, 0x0000000083700000, 0x0000000083800000|  0%| F|  |TAMS 0x0000000083700000| PB 0x0000000083700000| Untracked 
|  56|0x0000000083800000, 0x0000000083800000, 0x0000000083900000|  0%| F|  |TAMS 0x0000000083800000| PB 0x0000000083800000| Untracked 
|  57|0x0000000083900000, 0x0000000083900000, 0x0000000083a00000|  0%| F|  |TAMS 0x0000000083900000| PB 0x0000000083900000| Untracked 
|  58|0x0000000083a00000, 0x0000000083a00000, 0x0000000083b00000|  0%| F|  |TAMS 0x0000000083a00000| PB 0x0000000083a00000| Untracked 
|  59|0x0000000083b00000, 0x0000000083b00000, 0x0000000083c00000|  0%| F|  |TAMS 0x0000000083b00000| PB 0x0000000083b00000| Untracked 
|  60|0x0000000083c00000, 0x0000000083c00000, 0x0000000083d00000|  0%| F|  |TAMS 0x0000000083c00000| PB 0x0000000083c00000| Untracked 
|  61|0x0000000083d00000, 0x0000000083d00000, 0x0000000083e00000|  0%| F|  |TAMS 0x0000000083d00000| PB 0x0000000083d00000| Untracked 
|  62|0x0000000083e00000, 0x0000000083e00000, 0x0000000083f00000|  0%| F|  |TAMS 0x0000000083e00000| PB 0x0000000083e00000| Untracked 
|  63|0x0000000083f00000, 0x0000000083f00000, 0x0000000084000000|  0%| F|  |TAMS 0x0000000083f00000| PB 0x0000000083f00000| Untracked 
|  64|0x0000000084000000, 0x0000000084000000, 0x0000000084100000|  0%| F|  |TAMS 0x0000000084000000| PB 0x0000000084000000| Untracked 
|  65|0x0000000084100000, 0x0000000084100000, 0x0000000084200000|  0%| F|  |TAMS 0x0000000084100000| PB 0x0000000084100000| Untracked 
|  66|0x0000000084200000, 0x0000000084200000, 0x0000000084300000|  0%| F|  |TAMS 0x0000000084200000| PB 0x0000000084200000| Untracked 
|  67|0x0000000084300000, 0x0000000084300000, 0x0000000084400000|  0%| F|  |TAMS 0x0000000084300000| PB 0x0000000084300000| Untracked 
|  68|0x0000000084400000, 0x0000000084400000, 0x0000000084500000|  0%| F|  |TAMS 0x0000000084400000| PB 0x0000000084400000| Untracked 
|  69|0x0000000084500000, 0x0000000084500000, 0x0000000084600000|  0%| F|  |TAMS 0x0000000084500000| PB 0x0000000084500000| Untracked 
|  70|0x0000000084600000, 0x000000008469f4f8, 0x0000000084700000| 62%| S|CS|TAMS 0x0000000084600000| PB 0x0000000084600000| Complete 
|  71|0x0000000084700000, 0x0000000084800000, 0x0000000084800000|100%| S|CS|TAMS 0x0000000084700000| PB 0x0000000084700000| Complete 
|  72|0x0000000084800000, 0x0000000084900000, 0x0000000084900000|100%| S|CS|TAMS 0x0000000084800000| PB 0x0000000084800000| Complete 
|  73|0x0000000084900000, 0x0000000084a00000, 0x0000000084a00000|100%| S|CS|TAMS 0x0000000084900000| PB 0x0000000084900000| Complete 
|  74|0x0000000084a00000, 0x0000000084a00000, 0x0000000084b00000|  0%| F|  |TAMS 0x0000000084a00000| PB 0x0000000084a00000| Untracked 
|  75|0x0000000084b00000, 0x0000000084b00000, 0x0000000084c00000|  0%| F|  |TAMS 0x0000000084b00000| PB 0x0000000084b00000| Untracked 
|  76|0x0000000084c00000, 0x0000000084c00000, 0x0000000084d00000|  0%| F|  |TAMS 0x0000000084c00000| PB 0x0000000084c00000| Untracked 
|  77|0x0000000084d00000, 0x0000000084d00000, 0x0000000084e00000|  0%| F|  |TAMS 0x0000000084d00000| PB 0x0000000084d00000| Untracked 
|  78|0x0000000084e00000, 0x0000000084e00000, 0x0000000084f00000|  0%| F|  |TAMS 0x0000000084e00000| PB 0x0000000084e00000| Untracked 
|  79|0x0000000084f00000, 0x0000000084f00000, 0x0000000085000000|  0%| F|  |TAMS 0x0000000084f00000| PB 0x0000000084f00000| Untracked 
|  80|0x0000000085000000, 0x0000000085000000, 0x0000000085100000|  0%| F|  |TAMS 0x0000000085000000| PB 0x0000000085000000| Untracked 
|  81|0x0000000085100000, 0x0000000085100000, 0x0000000085200000|  0%| F|  |TAMS 0x0000000085100000| PB 0x0000000085100000| Untracked 
|  82|0x0000000085200000, 0x0000000085200000, 0x0000000085300000|  0%| F|  |TAMS 0x0000000085200000| PB 0x0000000085200000| Untracked 
|  83|0x0000000085300000, 0x0000000085300000, 0x0000000085400000|  0%| F|  |TAMS 0x0000000085300000| PB 0x0000000085300000| Untracked 
|  84|0x0000000085400000, 0x0000000085400000, 0x0000000085500000|  0%| F|  |TAMS 0x0000000085400000| PB 0x0000000085400000| Untracked 
|  85|0x0000000085500000, 0x0000000085500000, 0x0000000085600000|  0%| F|  |TAMS 0x0000000085500000| PB 0x0000000085500000| Untracked 
|  86|0x0000000085600000, 0x0000000085600000, 0x0000000085700000|  0%| F|  |TAMS 0x0000000085600000| PB 0x0000000085600000| Untracked 
|  87|0x0000000085700000, 0x0000000085700000, 0x0000000085800000|  0%| F|  |TAMS 0x0000000085700000| PB 0x0000000085700000| Untracked 
|  88|0x0000000085800000, 0x0000000085800000, 0x0000000085900000|  0%| F|  |TAMS 0x0000000085800000| PB 0x0000000085800000| Untracked 
|  89|0x0000000085900000, 0x0000000085900000, 0x0000000085a00000|  0%| F|  |TAMS 0x0000000085900000| PB 0x0000000085900000| Untracked 
|  90|0x0000000085a00000, 0x0000000085a00000, 0x0000000085b00000|  0%| F|  |TAMS 0x0000000085a00000| PB 0x0000000085a00000| Untracked 
|  91|0x0000000085b00000, 0x0000000085b00000, 0x0000000085c00000|  0%| F|  |TAMS 0x0000000085b00000| PB 0x0000000085b00000| Untracked 
|  92|0x0000000085c00000, 0x0000000085c00000, 0x0000000085d00000|  0%| F|  |TAMS 0x0000000085c00000| PB 0x0000000085c00000| Untracked 
|  93|0x0000000085d00000, 0x0000000085d00000, 0x0000000085e00000|  0%| F|  |TAMS 0x0000000085d00000| PB 0x0000000085d00000| Untracked 
|  94|0x0000000085e00000, 0x0000000085e00000, 0x0000000085f00000|  0%| F|  |TAMS 0x0000000085e00000| PB 0x0000000085e00000| Untracked 
|  95|0x0000000085f00000, 0x0000000085f00000, 0x0000000086000000|  0%| F|  |TAMS 0x0000000085f00000| PB 0x0000000085f00000| Untracked 
|  96|0x0000000086000000, 0x0000000086000000, 0x0000000086100000|  0%| F|  |TAMS 0x0000000086000000| PB 0x0000000086000000| Untracked 
|  97|0x0000000086100000, 0x0000000086100000, 0x0000000086200000|  0%| F|  |TAMS 0x0000000086100000| PB 0x0000000086100000| Untracked 
|  98|0x0000000086200000, 0x0000000086200000, 0x0000000086300000|  0%| F|  |TAMS 0x0000000086200000| PB 0x0000000086200000| Untracked 
|  99|0x0000000086300000, 0x0000000086300000, 0x0000000086400000|  0%| F|  |TAMS 0x0000000086300000| PB 0x0000000086300000| Untracked 
| 100|0x0000000086400000, 0x0000000086400000, 0x0000000086500000|  0%| F|  |TAMS 0x0000000086400000| PB 0x0000000086400000| Untracked 
| 101|0x0000000086500000, 0x0000000086500000, 0x0000000086600000|  0%| F|  |TAMS 0x0000000086500000| PB 0x0000000086500000| Untracked 
| 102|0x0000000086600000, 0x0000000086600000, 0x0000000086700000|  0%| F|  |TAMS 0x0000000086600000| PB 0x0000000086600000| Untracked 
| 103|0x0000000086700000, 0x0000000086700000, 0x0000000086800000|  0%| F|  |TAMS 0x0000000086700000| PB 0x0000000086700000| Untracked 
| 104|0x0000000086800000, 0x0000000086800000, 0x0000000086900000|  0%| F|  |TAMS 0x0000000086800000| PB 0x0000000086800000| Untracked 
| 105|0x0000000086900000, 0x0000000086900000, 0x0000000086a00000|  0%| F|  |TAMS 0x0000000086900000| PB 0x0000000086900000| Untracked 
| 106|0x0000000086a00000, 0x0000000086a00000, 0x0000000086b00000|  0%| F|  |TAMS 0x0000000086a00000| PB 0x0000000086a00000| Untracked 
| 107|0x0000000086b00000, 0x0000000086b80800, 0x0000000086c00000| 50%| E|  |TAMS 0x0000000086b00000| PB 0x0000000086b00000| Complete 
| 108|0x0000000086c00000, 0x0000000086d00000, 0x0000000086d00000|100%| E|CS|TAMS 0x0000000086c00000| PB 0x0000000086c00000| Complete 
| 109|0x0000000086d00000, 0x0000000086e00000, 0x0000000086e00000|100%| E|CS|TAMS 0x0000000086d00000| PB 0x0000000086d00000| Complete 
| 110|0x0000000086e00000, 0x0000000086f00000, 0x0000000086f00000|100%| E|CS|TAMS 0x0000000086e00000| PB 0x0000000086e00000| Complete 
| 111|0x0000000086f00000, 0x0000000087000000, 0x0000000087000000|100%| E|CS|TAMS 0x0000000086f00000| PB 0x0000000086f00000| Complete 
| 112|0x0000000087000000, 0x0000000087100000, 0x0000000087100000|100%| E|CS|TAMS 0x0000000087000000| PB 0x0000000087000000| Complete 
| 113|0x0000000087100000, 0x0000000087200000, 0x0000000087200000|100%| E|CS|TAMS 0x0000000087100000| PB 0x0000000087100000| Complete 
| 114|0x0000000087200000, 0x0000000087300000, 0x0000000087300000|100%| E|CS|TAMS 0x0000000087200000| PB 0x0000000087200000| Complete 
| 115|0x0000000087300000, 0x0000000087400000, 0x0000000087400000|100%| E|CS|TAMS 0x0000000087300000| PB 0x0000000087300000| Complete 
| 116|0x0000000087400000, 0x0000000087500000, 0x0000000087500000|100%| E|CS|TAMS 0x0000000087400000| PB 0x0000000087400000| Complete 
| 117|0x0000000087500000, 0x0000000087600000, 0x0000000087600000|100%| E|CS|TAMS 0x0000000087500000| PB 0x0000000087500000| Complete 
| 118|0x0000000087600000, 0x0000000087700000, 0x0000000087700000|100%| E|CS|TAMS 0x0000000087600000| PB 0x0000000087600000| Complete 
| 119|0x0000000087700000, 0x0000000087800000, 0x0000000087800000|100%| E|CS|TAMS 0x0000000087700000| PB 0x0000000087700000| Complete 
| 120|0x0000000087800000, 0x0000000087900000, 0x0000000087900000|100%| E|CS|TAMS 0x0000000087800000| PB 0x0000000087800000| Complete 
| 121|0x0000000087900000, 0x0000000087a00000, 0x0000000087a00000|100%| E|CS|TAMS 0x0000000087900000| PB 0x0000000087900000| Complete 
| 122|0x0000000087a00000, 0x0000000087b00000, 0x0000000087b00000|100%| E|CS|TAMS 0x0000000087a00000| PB 0x0000000087a00000| Complete 
| 123|0x0000000087b00000, 0x0000000087c00000, 0x0000000087c00000|100%| E|CS|TAMS 0x0000000087b00000| PB 0x0000000087b00000| Complete 
| 124|0x0000000087c00000, 0x0000000087d00000, 0x0000000087d00000|100%| E|CS|TAMS 0x0000000087c00000| PB 0x0000000087c00000| Complete 
| 125|0x0000000087d00000, 0x0000000087e00000, 0x0000000087e00000|100%| E|CS|TAMS 0x0000000087d00000| PB 0x0000000087d00000| Complete 
| 126|0x0000000087e00000, 0x0000000087f00000, 0x0000000087f00000|100%| E|CS|TAMS 0x0000000087e00000| PB 0x0000000087e00000| Complete 
| 127|0x0000000087f00000, 0x0000000088000000, 0x0000000088000000|100%| E|CS|TAMS 0x0000000087f00000| PB 0x0000000087f00000| Complete 

Card table byte_map: [0x0000024ea9880000,0x0000024ea9c80000] _byte_map_base: 0x0000024ea9480000

Marking Bits: (CMBitMap*) 0x0000024e94143570
 Bits: [0x0000024ea9c80000, 0x0000024eabc80000)

Polling page: 0x0000024e941c0000

Metaspace:

Usage:
  Non-class:     25.61 MB used.
      Class:      2.93 MB used.
       Both:     28.54 MB used.

Virtual space:
  Non-class space:       64.00 MB reserved,      25.88 MB ( 40%) committed,  1 nodes.
      Class space:        1.00 GB reserved,       3.19 MB ( <1%) committed,  1 nodes.
             Both:        1.06 GB reserved,      29.06 MB (  3%) committed. 

Chunk freelists:
   Non-Class:  5.92 MB
       Class:  12.80 MB
        Both:  18.72 MB

MaxMetaspaceSize: unlimited
CompressedClassSpaceSize: 1.00 GB
Initial GC threshold: 21.00 MB
Current GC threshold: 35.25 MB
CDS: off
 - commit_granule_bytes: 65536.
 - commit_granule_words: 8192.
 - virtual_space_node_default_size: 8388608.
 - enlarge_chunks_in_place: 1.
 - use_allocation_guard: 0.


Internal statistics:

num_allocs_failed_limit: 3.
num_arena_births: 648.
num_arena_deaths: 0.
num_vsnodes_births: 2.
num_vsnodes_deaths: 0.
num_space_committed: 465.
num_space_uncommitted: 0.
num_chunks_returned_to_freelist: 3.
num_chunks_taken_from_freelist: 1211.
num_chunk_merges: 0.
num_chunk_splits: 731.
num_chunks_enlarged: 342.
num_inconsistent_stats: 0.

CodeHeap 'non-profiled nmethods': size=120000Kb used=1902Kb max_used=1902Kb free=118097Kb
 bounds [0x0000024ea12b0000, 0x0000024ea1520000, 0x0000024ea87e0000]
CodeHeap 'profiled nmethods': size=120000Kb used=7831Kb max_used=7831Kb free=112168Kb
 bounds [0x0000024e997e0000, 0x0000024e99f90000, 0x0000024ea0d10000]
CodeHeap 'non-nmethods': size=5760Kb used=1518Kb max_used=1565Kb free=4242Kb
 bounds [0x0000024ea0d10000, 0x0000024ea0f80000, 0x0000024ea12b0000]
 total_blobs=4360 nmethods=3774 adapters=490
 compilation: enabled
              stopped_count=0, restarted_count=0
 full_count=0

Compilation events (20 events):
Event: 120.313 Thread 0x0000024eb4528f10 3768       4       sun.rmi.transport.ObjectEndpoint::equals (45 bytes)
Event: 120.315 Thread 0x0000024eb4528f10 nmethod 3768 0x0000024ea1481610 code [0x0000024ea14817c0, 0x0000024ea14819e8]
Event: 120.315 Thread 0x0000024eb4528f10 3769       4       java.io.ObjectStreamClass$FieldReflectorKey::equals (37 bytes)
Event: 120.316 Thread 0x0000024eb4528f10 nmethod 3769 0x0000024ea1481c10 code [0x0000024ea1481dc0, 0x0000024ea1481ff0]
Event: 120.317 Thread 0x0000024eb4528f10 3770       4       java.lang.invoke.DirectMethodHandle$Holder::invokeSpecial (15 bytes)
Event: 120.317 Thread 0x0000024eb4528f10 nmethod 3770 0x0000024ea1482210 code [0x0000024ea14823a0, 0x0000024ea1482488]
Event: 120.321 Thread 0x0000024eaeb60b20 3771       3       java.io.ObjectInputStream$HandleTable::setObject (54 bytes)
Event: 120.322 Thread 0x0000024eaeb60b20 nmethod 3771 0x0000024e99f82410 code [0x0000024e99f825e0, 0x0000024e99f82a48]
Event: 120.322 Thread 0x0000024eb4528f10 3772   !   4       java.io.ObjectStreamClass::readNonProxy (395 bytes)
Event: 120.337 Thread 0x0000024eaeb60b20 3774  s    3       sun.rmi.transport.Target::unexport (74 bytes)
Event: 120.337 Thread 0x0000024eaeb60b20 nmethod 3774 0x0000024e99f82c10 code [0x0000024e99f82e80, 0x0000024e99f83ab8]
Event: 120.338 Thread 0x0000024eaeb60b20 3775   !   3       sun.rmi.transport.tcp.TCPTransport::decrementExportCount (164 bytes)
Event: 120.339 Thread 0x0000024eaeb60b20 nmethod 3775 0x0000024e99f83f10 code [0x0000024e99f84260, 0x0000024e99f85528]
Event: 120.382 Thread 0x0000024eaeb5f730 nmethod 3754 0x0000024ea1482590 code [0x0000024ea1482b60, 0x0000024ea1487a80]
Event: 120.383 Thread 0x0000024eaeb5f730 3773       4       java.io.ObjectInputStream::readLong (8 bytes)
Event: 120.386 Thread 0x0000024eaeb5f730 nmethod 3773 0x0000024ea148a890 code [0x0000024ea148aa60, 0x0000024ea148adb8]
Event: 120.386 Thread 0x0000024eaeb5f730 3777       4       java.rmi.server.UID::equals (54 bytes)
Event: 120.387 Thread 0x0000024eaeb5f730 nmethod 3777 0x0000024ea148b210 code [0x0000024ea148b3a0, 0x0000024ea148b4f0]
Event: 120.387 Thread 0x0000024eaeb5f730 3776       4       sun.rmi.transport.DGCImpl::getDGCImpl (4 bytes)
Event: 120.387 Thread 0x0000024eaeb5f730 nmethod 3776 0x0000024ea148b610 code [0x0000024ea148b7a0, 0x0000024ea148b818]

GC Heap History (6 events):
Event: 1.421 GC heap before
{Heap before GC invocations=0 (full 0):
 garbage-first heap   total 131072K, used 26624K [0x0000000080000000, 0x0000000100000000)
  region size 1024K, 23 young (23552K), 0 survivors (0K)
 Metaspace       used 18346K, committed 18752K, reserved 1114112K
  class space    used 1909K, committed 2112K, reserved 1048576K
}
Event: 1.427 GC heap after
{Heap after GC invocations=1 (full 0):
 garbage-first heap   total 131072K, used 9416K [0x0000000080000000, 0x0000000100000000)
  region size 1024K, 3 young (3072K), 3 survivors (3072K)
 Metaspace       used 18346K, committed 18752K, reserved 1114112K
  class space    used 1909K, committed 2112K, reserved 1048576K
}
Event: 1.622 GC heap before
{Heap before GC invocations=1 (full 0):
 garbage-first heap   total 131072K, used 14536K [0x0000000080000000, 0x0000000100000000)
  region size 1024K, 10 young (10240K), 3 survivors (3072K)
 Metaspace       used 21154K, committed 21504K, reserved 1114112K
  class space    used 2200K, committed 2368K, reserved 1048576K
}
Event: 1.626 GC heap after
{Heap after GC invocations=2 (full 0):
 garbage-first heap   total 131072K, used 10989K [0x0000000080000000, 0x0000000100000000)
  region size 1024K, 2 young (2048K), 2 survivors (2048K)
 Metaspace       used 21154K, committed 21504K, reserved 1114112K
  class space    used 2200K, committed 2368K, reserved 1048576K
}
Event: 114.287 GC heap before
{Heap before GC invocations=3 (full 0):
 garbage-first heap   total 131072K, used 64237K [0x0000000080000000, 0x0000000100000000)
  region size 1024K, 54 young (55296K), 2 survivors (2048K)
 Metaspace       used 28907K, committed 29376K, reserved 1114112K
  class space    used 2969K, committed 3200K, reserved 1048576K
}
Event: 114.291 GC heap after
{Heap after GC invocations=4 (full 0):
 garbage-first heap   total 131072K, used 13232K [0x0000000080000000, 0x0000000100000000)
  region size 1024K, 4 young (4096K), 4 survivors (4096K)
 Metaspace       used 28907K, committed 29376K, reserved 1114112K
  class space    used 2969K, committed 3200K, reserved 1048576K
}

Dll operation events (2 events):
Event: 0.016 Loaded shared library D:\IntelliJ IDEA 2024.2.1\jbr\bin\java.dll
Event: 0.022 Loaded shared library D:\IntelliJ IDEA 2024.2.1\jbr\bin\zip.dll

Deoptimization events (20 events):
Event: 114.292 Thread 0x0000024eb34d5240 DEOPT PACKING pc=0x0000024ea144ce44 sp=0x00000077d24fec10
Event: 114.292 Thread 0x0000024eb34d5240 DEOPT UNPACKING pc=0x0000024ea0d646a2 sp=0x00000077d24fe6c0 mode 2
Event: 114.292 Thread 0x0000024eb34d5240 Uncommon trap: trap_request=0xffffff45 fr.pc=0x0000024ea13c3ed4 relative=0x0000000000000134
Event: 114.292 Thread 0x0000024eb34d5240 Uncommon trap: reason=unstable_if action=reinterpret pc=0x0000024ea13c3ed4 method=java.lang.ThreadLocal$ThreadLocalMap.getEntry(Ljava/lang/ThreadLocal;)Ljava/lang/ThreadLocal$ThreadLocalMap$Entry; @ 21 c2
Event: 114.292 Thread 0x0000024eb34d5240 DEOPT PACKING pc=0x0000024ea13c3ed4 sp=0x00000077d24fe560
Event: 114.292 Thread 0x0000024eb34d5240 DEOPT UNPACKING pc=0x0000024ea0d646a2 sp=0x00000077d24fe470 mode 2
Event: 114.292 Thread 0x0000024eb34d5240 Uncommon trap: trap_request=0xffffff45 fr.pc=0x0000024ea1455730 relative=0x0000000000000210
Event: 114.292 Thread 0x0000024eb34d5240 Uncommon trap: reason=unstable_if action=reinterpret pc=0x0000024ea1455730 method=java.lang.ThreadLocal$ThreadLocalMap.set(Ljava/lang/ThreadLocal;Ljava/lang/Object;)V @ 28 c2
Event: 114.292 Thread 0x0000024eb34d5240 DEOPT PACKING pc=0x0000024ea1455730 sp=0x00000077d24fe410
Event: 114.292 Thread 0x0000024eb34d5240 DEOPT UNPACKING pc=0x0000024ea0d646a2 sp=0x00000077d24fe3d0 mode 2
Event: 114.292 Thread 0x0000024eb34d5240 Uncommon trap: trap_request=0xffffff45 fr.pc=0x0000024ea13f029c relative=0x000000000000033c
Event: 114.292 Thread 0x0000024eb34d5240 Uncommon trap: reason=unstable_if action=reinterpret pc=0x0000024ea13f029c method=sun.nio.ch.Util$BufferCache.get(I)Ljava/nio/ByteBuffer; @ 25 c2
Event: 114.292 Thread 0x0000024eb34d5240 DEOPT PACKING pc=0x0000024ea13f029c sp=0x00000077d24fe820
Event: 114.292 Thread 0x0000024eb34d5240 DEOPT UNPACKING pc=0x0000024ea0d646a2 sp=0x00000077d24fe7e0 mode 2
Event: 120.000 Thread 0x0000024eb34d4bb0 DEOPT PACKING pc=0x0000024e99ca69f4 sp=0x00000077d22fea90
Event: 120.000 Thread 0x0000024eb34d4bb0 DEOPT UNPACKING pc=0x0000024ea0d64e42 sp=0x00000077d22fe080 mode 0
Event: 120.235 Thread 0x0000024eb34d4bb0 Uncommon trap: trap_request=0xffffffcc fr.pc=0x0000024ea1475c98 relative=0x0000000000003cb8
Event: 120.235 Thread 0x0000024eb34d4bb0 Uncommon trap: reason=intrinsic_or_type_checked_inlining action=make_not_entrant pc=0x0000024ea1475c98 method=java.util.ArrayList.toArray([Ljava/lang/Object;)[Ljava/lang/Object; @ 36 c2
Event: 120.235 Thread 0x0000024eb34d4bb0 DEOPT PACKING pc=0x0000024ea1475c98 sp=0x00000077d22fe0f0
Event: 120.235 Thread 0x0000024eb34d4bb0 DEOPT UNPACKING pc=0x0000024ea0d646a2 sp=0x00000077d22fdf58 mode 2

Classes loaded (20 events):
Event: 70.529 Loading class java/lang/foreign/MemorySegment
Event: 70.530 Loading class java/lang/foreign/MemorySegment done
Event: 91.198 Loading class java/util/IdentityHashMap$KeyIterator
Event: 91.198 Loading class java/util/IdentityHashMap$IdentityHashMapIterator
Event: 91.198 Loading class java/util/IdentityHashMap$IdentityHashMapIterator done
Event: 91.198 Loading class java/util/IdentityHashMap$KeyIterator done
Event: 114.291 Loading class sun/rmi/transport/DGCClient$EndpointEntry$CleanRequest
Event: 114.292 Loading class sun/rmi/transport/DGCClient$EndpointEntry$CleanRequest done
Event: 119.993 Loading class java/lang/StringIndexOutOfBoundsException
Event: 119.993 Loading class java/lang/StringIndexOutOfBoundsException done
Event: 119.995 Loading class java/util/concurrent/atomic/AtomicReferenceFieldUpdater
Event: 119.996 Loading class java/util/concurrent/atomic/AtomicReferenceFieldUpdater done
Event: 119.996 Loading class java/util/concurrent/atomic/AtomicReferenceFieldUpdater$AtomicReferenceFieldUpdaterImpl
Event: 119.996 Loading class java/util/concurrent/atomic/AtomicReferenceFieldUpdater$AtomicReferenceFieldUpdaterImpl done
Event: 119.996 Loading class java/util/concurrent/atomic/AtomicReferenceFieldUpdater$AtomicReferenceFieldUpdaterImpl$1
Event: 119.996 Loading class java/util/concurrent/atomic/AtomicReferenceFieldUpdater$AtomicReferenceFieldUpdaterImpl$1 done
Event: 119.997 Loading class java/lang/invoke/WrongMethodTypeException
Event: 119.997 Loading class java/lang/invoke/WrongMethodTypeException done
Event: 119.998 Loading class java/lang/Throwable$PrintStreamOrWriter
Event: 119.998 Loading class java/lang/Throwable$PrintStreamOrWriter done

Classes unloaded (0 events):
No events

Classes redefined (0 events):
No events

Internal exceptions (20 events):
Event: 2.477 Thread 0x0000024eb34d4bb0 Exception <a 'java/lang/NoSuchMethodError'{0x0000000087303480}: 'void java.lang.invoke.DirectMethodHandle$Holder.invokeInterface(java.lang.Object, java.lang.Object, int)'> (0x0000000087303480) 
thrown [s\src\hotspot\share\interpreter\linkResolver.cpp, line 784]
Event: 2.478 Thread 0x0000024eb34d4bb0 Exception <a 'java/lang/NoSuchMethodError'{0x0000000087307288}: 'void java.lang.invoke.DelegatingMethodHandle$Holder.reinvoke_L(java.lang.Object, java.lang.Object, int)'> (0x0000000087307288) 
thrown [s\src\hotspot\share\interpreter\linkResolver.cpp, line 784]
Event: 2.639 Thread 0x0000024eb34d4bb0 Exception <a 'java/lang/NoSuchMethodError'{0x00000000872efaa0}: 'java.lang.Object java.lang.invoke.DirectMethodHandle$Holder.invokeInterface(java.lang.Object, java.lang.Object, int)'> (0x00000000872efaa0) 
thrown [s\src\hotspot\share\interpreter\linkResolver.cpp, line 784]
Event: 2.670 Thread 0x0000024eb34d4bb0 Exception <a 'java/lang/NoSuchMethodError'{0x00000000871191a8}: 'void java.lang.invoke.DirectMethodHandle$Holder.invokeInterface(java.lang.Object, java.lang.Object)'> (0x00000000871191a8) 
thrown [s\src\hotspot\share\interpreter\linkResolver.cpp, line 784]
Event: 2.991 Thread 0x0000024eb34d4bb0 Exception <a 'java/lang/NoSuchMethodError'{0x0000000086f6afe8}: static Lcom/intellij/database/remote/jdba/core/ConnectionInfo;.<clinit>()V> (0x0000000086f6afe8) 
thrown [s\src\hotspot\share\prims\jni.cpp, line 1126]
Event: 2.992 Thread 0x0000024eb34d4bb0 Exception <a 'java/lang/NoSuchMethodError'{0x0000000086f75ae0}: static Ljava/lang/Object;.<clinit>()V> (0x0000000086f75ae0) 
thrown [s\src\hotspot\share\prims\jni.cpp, line 1126]
Event: 2.992 Thread 0x0000024eb34d4bb0 Exception <a 'java/lang/NoSuchMethodError'{0x0000000086f7a0c0}: static [I.<clinit>()V> (0x0000000086f7a0c0) 
thrown [s\src\hotspot\share\prims\jni.cpp, line 1126]
Event: 3.019 Thread 0x0000024eb34d4bb0 Exception <a 'java/lang/NoSuchMethodError'{0x0000000086f9df00}: 'java.lang.Object java.lang.invoke.DirectMethodHandle$Holder.invokeInterface(java.lang.Object, java.lang.Object, java.lang.Object, java.lang.Object)'> (0x0000000086f9df00) 
thrown [s\src\hotspot\share\interpreter\linkResolver.cpp, line 784]
Event: 3.076 Thread 0x0000024eb34d4bb0 Exception <a 'java/lang/NoSuchMethodError'{0x0000000086ea39f8}: static Lcom/intellij/database/remote/jdba/core/ResultLayout;.<clinit>()V> (0x0000000086ea39f8) 
thrown [s\src\hotspot\share\prims\jni.cpp, line 1126]
Event: 3.078 Thread 0x0000024eb34d4bb0 Exception <a 'java/lang/NoSuchMethodError'{0x0000000086eb0b00}: static Lcom/intellij/database/remote/jdba/core/RowLayout;.<clinit>()V> (0x0000000086eb0b00) 
thrown [s\src\hotspot\share\prims\jni.cpp, line 1126]
Event: 3.079 Thread 0x0000024eb34d4bb0 Exception <a 'java/lang/NoSuchMethodError'{0x0000000086ebc7a0}: static Lcom/intellij/database/remote/jdba/util/NameAndClass;.<clinit>()V> (0x0000000086ebc7a0) 
thrown [s\src\hotspot\share\prims\jni.cpp, line 1126]
Event: 3.080 Thread 0x0000024eb34d4bb0 Exception <a 'java/lang/NoSuchMethodError'{0x0000000086ebf390}: 'java.lang.Object java.lang.invoke.DirectMethodHandle$Holder.invokeInterface(java.lang.Object, java.lang.Object, int, java.lang.Object)'> (0x0000000086ebf390) 
thrown [s\src\hotspot\share\interpreter\linkResolver.cpp, line 784]
Event: 3.081 Thread 0x0000024eb34d4bb0 Exception <a 'java/lang/NoSuchMethodError'{0x0000000086ec3450}: 'java.lang.Object java.lang.invoke.DirectMethodHandle$Holder.invokeSpecial(java.lang.Object, java.lang.Object, java.lang.Object, int, java.lang.Object)'> (0x0000000086ec3450) 
thrown [s\src\hotspot\share\interpreter\linkResolver.cpp, line 784]
Event: 3.160 Thread 0x0000024eb34d4bb0 Exception <a 'java/lang/NoSuchMethodError'{0x0000000086d392b0}: static [Ljava/lang/String;.<clinit>()V> (0x0000000086d392b0) 
thrown [s\src\hotspot\share\prims\jni.cpp, line 1126]
Event: 3.345 Thread 0x0000024eb34d4bb0 Exception <a 'java/lang/NoSuchMethodError'{0x0000000086b71410}: static [Ljava/lang/Object;.<clinit>()V> (0x0000000086b71410) 
thrown [s\src\hotspot\share\prims\jni.cpp, line 1126]
Event: 26.180 Thread 0x0000024eb34d4bb0 Exception <a 'java/io/IOException'{0x00000000863142e0}> (0x00000000863142e0) 
thrown [s\src\hotspot\share\prims\jni.cpp, line 535]
Event: 114.292 Thread 0x0000024eb34d5240 Implicit null exception at 0x0000024ea144a96b to 0x0000024ea144cdd4
Event: 114.292 Thread 0x0000024eb34d5240 Implicit null exception at 0x0000024ea13c3df5 to 0x0000024ea13c3eb4
Event: 114.292 Thread 0x0000024eb34d5240 Implicit null exception at 0x0000024ea1455587 to 0x0000024ea1455708
Event: 119.999 Thread 0x0000024eb34d4bb0 Exception <a 'java/lang/NoSuchMethodError'{0x0000000087339a28}: static [Ljava/lang/StackTraceElement;.<clinit>()V> (0x0000000087339a28) 
thrown [s\src\hotspot\share\prims\jni.cpp, line 1126]

ZGC Phase Switch (0 events):
No events

VM Operations (20 events):
Event: 71.165 Executing VM operation: Cleanup
Event: 71.165 Executing VM operation: Cleanup done
Event: 77.167 Executing VM operation: Cleanup
Event: 77.167 Executing VM operation: Cleanup done
Event: 83.170 Executing VM operation: Cleanup
Event: 83.170 Executing VM operation: Cleanup done
Event: 114.182 Executing VM operation: Cleanup
Event: 114.182 Executing VM operation: Cleanup done
Event: 114.287 Executing VM operation: G1CollectForAllocation (G1 Evacuation Pause)
Event: 114.291 Executing VM operation: G1CollectForAllocation (G1 Evacuation Pause) done
Event: 115.291 Executing VM operation: Cleanup
Event: 115.292 Executing VM operation: Cleanup done
Event: 119.997 Executing VM operation: HandshakeAllThreads (Deoptimize)
Event: 119.997 Executing VM operation: HandshakeAllThreads (Deoptimize) done
Event: 119.997 Executing VM operation: Cleanup
Event: 119.997 Executing VM operation: Cleanup done
Event: 120.246 Executing VM operation: HandshakeAllThreads (HandshakeForDeflation)
Event: 120.246 Executing VM operation: HandshakeAllThreads (HandshakeForDeflation) done
Event: 120.246 Executing VM operation: RendezvousGCThreads
Event: 120.246 Executing VM operation: RendezvousGCThreads done

Events (20 events):
Event: 114.352 Thread 0x0000024eb45609b0 Thread exited: 0x0000024eb45609b0
Event: 114.352 Thread 0x0000024eb455e250 Thread exited: 0x0000024eb455e250
Event: 114.352 Thread 0x0000024eb45623f0 Thread exited: 0x0000024eb45623f0
Event: 114.352 Thread 0x0000024eb455e8e0 Thread exited: 0x0000024eb455e8e0
Event: 114.352 Thread 0x0000024eb455fc90 Thread exited: 0x0000024eb455fc90
Event: 114.352 Thread 0x0000024eaee791c0 Thread exited: 0x0000024eaee791c0
Event: 114.352 Thread 0x0000024eb4562a80 Thread exited: 0x0000024eb4562a80
Event: 114.352 Thread 0x0000024eb4563110 Thread exited: 0x0000024eb4563110
Event: 114.352 Thread 0x0000024eb455dbc0 Thread exited: 0x0000024eb455dbc0
Event: 114.352 Thread 0x0000024eaee770f0 Thread exited: 0x0000024eaee770f0
Event: 114.352 Thread 0x0000024eb45616d0 Thread exited: 0x0000024eb45616d0
Event: 114.352 Thread 0x0000024eb4560320 Thread exited: 0x0000024eb4560320
Event: 114.352 Thread 0x0000024eb45637a0 Thread exited: 0x0000024eb45637a0
Event: 114.352 Thread 0x0000024eaee77e10 Thread exited: 0x0000024eaee77e10
Event: 114.352 Thread 0x0000024eb34d8030 Thread exited: 0x0000024eb34d8030
Event: 114.352 Thread 0x0000024eb34d65f0 Thread exited: 0x0000024eb34d65f0
Event: 114.352 Thread 0x0000024eb455c810 Thread exited: 0x0000024eb455c810
Event: 114.352 Thread 0x0000024eb455f600 Thread exited: 0x0000024eb455f600
Event: 114.352 Thread 0x0000024eb34d79a0 Thread exited: 0x0000024eb34d79a0
Event: 120.139 Thread 0x0000024eb4528f10 Thread added: 0x0000024eb4528f10


Dynamic libraries:
0x00007ff6558e0000 - 0x00007ff6558ea000 	D:\IntelliJ IDEA 2024.2.1\jbr\bin\java.exe
0x00007ffa3f790000 - 0x00007ffa3f988000 	C:\Windows\SYSTEM32\ntdll.dll
0x00007ffa3f600000 - 0x00007ffa3f6c2000 	C:\Windows\System32\KERNEL32.DLL
0x00007ffa3d280000 - 0x00007ffa3d57e000 	C:\Windows\System32\KERNELBASE.dll
0x00007ffa3d180000 - 0x00007ffa3d280000 	C:\Windows\System32\ucrtbase.dll
0x00007ffa38750000 - 0x00007ffa3876b000 	D:\IntelliJ IDEA 2024.2.1\jbr\bin\VCRUNTIME140.dll
0x00007ffa36c30000 - 0x00007ffa36c48000 	D:\IntelliJ IDEA 2024.2.1\jbr\bin\jli.dll
0x00007ffa3ed70000 - 0x00007ffa3ef0d000 	C:\Windows\System32\USER32.dll
0x00007ffa2b7f0000 - 0x00007ffa2ba8a000 	C:\Windows\WinSxS\amd64_microsoft.windows.common-controls_6595b64144ccf1df_6.0.19041.4355_none_60b8b9eb71f62e16\COMCTL32.dll
0x00007ffa3d750000 - 0x00007ffa3d772000 	C:\Windows\System32\win32u.dll
0x00007ffa3efc0000 - 0x00007ffa3f05e000 	C:\Windows\System32\msvcrt.dll
0x00007ffa3e0b0000 - 0x00007ffa3e0db000 	C:\Windows\System32\GDI32.dll
0x00007ffa3d580000 - 0x00007ffa3d697000 	C:\Windows\System32\gdi32full.dll
0x00007ffa3d090000 - 0x00007ffa3d12d000 	C:\Windows\System32\msvcp_win.dll
0x00007ffa3f190000 - 0x00007ffa3f1bf000 	C:\Windows\System32\IMM32.DLL
0x00007ffa38690000 - 0x00007ffa3869c000 	D:\IntelliJ IDEA 2024.2.1\jbr\bin\vcruntime140_1.dll
0x00007ffa21150000 - 0x00007ffa211dd000 	D:\IntelliJ IDEA 2024.2.1\jbr\bin\msvcp140.dll
0x00007ffa02c70000 - 0x00007ffa03a22000 	D:\IntelliJ IDEA 2024.2.1\jbr\bin\server\jvm.dll
0x00007ffa3f060000 - 0x00007ffa3f111000 	C:\Windows\System32\ADVAPI32.dll
0x00007ffa3e0e0000 - 0x00007ffa3e17f000 	C:\Windows\System32\sechost.dll
0x00007ffa3e180000 - 0x00007ffa3e2a3000 	C:\Windows\System32\RPCRT4.dll
0x00007ffa3d780000 - 0x00007ffa3d7a7000 	C:\Windows\System32\bcrypt.dll
0x00007ffa3f120000 - 0x00007ffa3f18b000 	C:\Windows\System32\WS2_32.dll
0x00007ffa31b10000 - 0x00007ffa31b37000 	C:\Windows\SYSTEM32\WINMM.dll
0x00007ffa3cc90000 - 0x00007ffa3ccdb000 	C:\Windows\SYSTEM32\POWRPROF.dll
0x00007ffa31b70000 - 0x00007ffa31b7a000 	C:\Windows\SYSTEM32\VERSION.dll
0x00007ffa3cc70000 - 0x00007ffa3cc82000 	C:\Windows\SYSTEM32\UMPDC.dll
0x00007ffa3acb0000 - 0x00007ffa3acc2000 	C:\Windows\SYSTEM32\kernel.appcore.dll
0x00007ffa38660000 - 0x00007ffa3866a000 	D:\IntelliJ IDEA 2024.2.1\jbr\bin\jimage.dll
0x00007ffa31d40000 - 0x00007ffa31f24000 	C:\Windows\SYSTEM32\DBGHELP.DLL
0x00007ffa27100000 - 0x00007ffa27134000 	C:\Windows\SYSTEM32\dbgcore.DLL
0x00007ffa3ce30000 - 0x00007ffa3ceb2000 	C:\Windows\System32\bcryptPrimitives.dll
0x00007ffa38620000 - 0x00007ffa3863f000 	D:\IntelliJ IDEA 2024.2.1\jbr\bin\java.dll
0x00007ffa36c50000 - 0x00007ffa36c68000 	D:\IntelliJ IDEA 2024.2.1\jbr\bin\zip.dll
0x00007ffa3d940000 - 0x00007ffa3e0ad000 	C:\Windows\System32\SHELL32.dll
0x00007ffa3aeb0000 - 0x00007ffa3b654000 	C:\Windows\SYSTEM32\windows.storage.dll
0x00007ffa3f1c0000 - 0x00007ffa3f513000 	C:\Windows\System32\combase.dll
0x00007ffa3c790000 - 0x00007ffa3c7be000 	C:\Windows\SYSTEM32\Wldp.dll
0x00007ffa3d870000 - 0x00007ffa3d93d000 	C:\Windows\System32\OLEAUT32.dll
0x00007ffa3f520000 - 0x00007ffa3f5cd000 	C:\Windows\System32\SHCORE.dll
0x00007ffa3d7b0000 - 0x00007ffa3d805000 	C:\Windows\System32\shlwapi.dll
0x00007ffa3cd60000 - 0x00007ffa3cd84000 	C:\Windows\SYSTEM32\profapi.dll
0x00007ffa38650000 - 0x00007ffa38660000 	D:\IntelliJ IDEA 2024.2.1\jbr\bin\net.dll
0x00007ffa34e00000 - 0x00007ffa34f0d000 	C:\Windows\SYSTEM32\WINHTTP.dll
0x00007ffa3c4f0000 - 0x00007ffa3c55a000 	C:\Windows\system32\mswsock.dll
0x00007ffa36bf0000 - 0x00007ffa36c06000 	D:\IntelliJ IDEA 2024.2.1\jbr\bin\nio.dll
0x00007ffa3c1d0000 - 0x00007ffa3c20b000 	C:\Windows\SYSTEM32\IPHLPAPI.DLL
0x00007ffa3f5d0000 - 0x00007ffa3f5d8000 	C:\Windows\System32\NSI.dll
0x00007ffa3c6e0000 - 0x00007ffa3c6f8000 	C:\Windows\SYSTEM32\CRYPTSP.dll
0x00007ffa3be10000 - 0x00007ffa3be44000 	C:\Windows\system32\rsaenh.dll
0x00007ffa3cd20000 - 0x00007ffa3cd4e000 	C:\Windows\SYSTEM32\USERENV.dll
0x00007ffa3c700000 - 0x00007ffa3c70c000 	C:\Windows\SYSTEM32\CRYPTBASE.dll
0x00007ffa32160000 - 0x00007ffa32169000 	D:\IntelliJ IDEA 2024.2.1\jbr\bin\extnet.dll
0x00007ffa3a340000 - 0x00007ffa3a347000 	D:\IntelliJ IDEA 2024.2.1\jbr\bin\rmi.dll
0x00007ffa3c210000 - 0x00007ffa3c2da000 	C:\Windows\SYSTEM32\DNSAPI.dll
0x0000000053f70000 - 0x0000000053f96000 	C:\Program Files\Bonjour\mdnsNSP.dll
0x00007ffa35710000 - 0x00007ffa3571a000 	C:\Windows\System32\rasadhlp.dll
0x00007ffa2b5b0000 - 0x00007ffa2b630000 	C:\Windows\System32\fwpuclnt.dll
0x00007ffa36c90000 - 0x00007ffa36c9e000 	D:\IntelliJ IDEA 2024.2.1\jbr\bin\sunmscapi.dll
0x00007ffa3cec0000 - 0x00007ffa3d01c000 	C:\Windows\System32\CRYPT32.dll
0x00007ffa3c800000 - 0x00007ffa3c827000 	C:\Windows\SYSTEM32\ncrypt.dll
0x00007ffa3c7c0000 - 0x00007ffa3c7fb000 	C:\Windows\SYSTEM32\NTASN1.dll

dbghelp: loaded successfully - version: 4.0.5 - missing functions: none
symbol engine: initialized successfully - sym options: 0x614 - pdb path: .;D:\IntelliJ IDEA 2024.2.1\jbr\bin;C:\Windows\SYSTEM32;C:\Windows\WinSxS\amd64_microsoft.windows.common-controls_6595b64144ccf1df_6.0.19041.4355_none_60b8b9eb71f62e16;D:\IntelliJ IDEA 2024.2.1\jbr\bin\server;C:\Program Files\Bonjour

VM Arguments:
jvm_args: -Djava.rmi.server.hostname=127.0.0.1 -Duser.timezone=UTC -Xmx2048m -Xms128m -Djdbc.classpath=D:\IntelliJ IDEA 2024.2.1\plugins\DatabaseTools\lib\jdbc-console.jar;C:\Users\Admin\AppData\Roaming\JetBrains\IntelliJIdea2024.2\jdbc-drivers\MySQL ConnectorJ\8.2.0\com\mysql\mysql-connector-j\8.2.0\mysql-connector-j-8.2.0.jar;C:\Users\Admin\AppData\Roaming\JetBrains\IntelliJIdea2024.2\jdbc-drivers\MySQL ConnectorJ\8.2.0\com\google\protobuf\protobuf-java\3.21.9\protobuf-java-3.21.9.jar --add-exports=java.desktop/sun.awt=ALL-UNNAMED --add-exports=java.desktop/java.awt.peer=ALL-UNNAMED --add-opens=java.desktop/java.awt=ALL-UNNAMED --add-opens=jdk.unsupported/sun.misc=ALL-UNNAMED --add-opens=java.base/java.nio=ALL-UNNAMED --add-opens=java.base/java.util=ALL-UNNAMED -Dfile.encoding=UTF-8 -Dsun.stdout.encoding=UTF-8 -Dsun.stderr.encoding=UTF-8 
java_command: com.intellij.database.remote.RemoteJdbcServer com.mysql.cj.jdbc.Driver
java_class_path (initial): D:\IntelliJ IDEA 2024.2.1\lib\util_rt.jar;D:\IntelliJ IDEA 2024.2.1\lib\util-8.jar;D:\IntelliJ IDEA 2024.2.1\lib\groovy.jar;D:\IntelliJ IDEA 2024.2.1\plugins\DatabaseTools\lib\jdbc-console.jar;D:\IntelliJ IDEA 2024.2.1\plugins\grid-core-impl\lib\jdbc-console-types.jar;D:\IntelliJ IDEA 2024.2.1\lib\util.jar;D:\IntelliJ IDEA 2024.2.1\lib\bouncy-castle.jar
Launcher Type: SUN_STANDARD

[Global flags]
     intx CICompilerCount                          = 4                                         {product} {ergonomic}
     uint ConcGCThreads                            = 3                                         {product} {ergonomic}
     uint G1ConcRefinementThreads                  = 10                                        {product} {ergonomic}
   size_t G1HeapRegionSize                         = 1048576                                   {product} {ergonomic}
    uintx GCDrainStackTargetSize                   = 64                                        {product} {ergonomic}
   size_t InitialHeapSize                          = 134217728                                 {product} {command line}
   size_t MarkStackSize                            = 4194304                                   {product} {ergonomic}
   size_t MaxHeapSize                              = 2147483648                                {product} {command line}
   size_t MaxNewSize                               = 1287651328                                {product} {ergonomic}
   size_t MinHeapDeltaBytes                        = 1048576                                   {product} {ergonomic}
   size_t MinHeapSize                              = 134217728                                 {product} {command line}
    uintx NonNMethodCodeHeapSize                   = 5839372                                {pd product} {ergonomic}
    uintx NonProfiledCodeHeapSize                  = 122909434                              {pd product} {ergonomic}
    uintx ProfiledCodeHeapSize                     = 122909434                              {pd product} {ergonomic}
    uintx ReservedCodeCacheSize                    = 251658240                              {pd product} {ergonomic}
     bool SegmentedCodeCache                       = true                                      {product} {ergonomic}
   size_t SoftMaxHeapSize                          = 2147483648                             {manageable} {ergonomic}
     bool UseCompressedOops                        = true                           {product lp64_product} {ergonomic}
     bool UseG1GC                                  = true                                      {product} {ergonomic}
     bool UseLargePagesIndividualAllocation        = false                                  {pd product} {ergonomic}

Logging:
Log output configuration:
 #0: stdout all=warning uptime,level,tags foldmultilines=false
 #1: stderr all=off uptime,level,tags foldmultilines=false

Environment Variables:
PATH=C:\Windows\system32;C:\Windows;C:\Windows\System32\Wbem;C:\Windows\System32\WindowsPowerShell\v1.0\;C:\Windows\System32\OpenSSH\;D:\Git\cmd;C:\Program Files\MySQL\MySQL Shell 8.0\bin\;C:\Users\Admin\AppData\Local\Microsoft\WindowsApps;;C:\Users\Admin\AppData\Local\Programs\Azure Data Studio\bin;C:\Users\Admin\AppData\Local\Programs\Microsoft VS Code\bin
USERNAME=Admin
OS=Windows_NT
PROCESSOR_IDENTIFIER=AMD64 Family 23 Model 96 Stepping 1, AuthenticAMD
TMP=C:\Users\Admin\AppData\Local\Temp
TEMP=C:\Users\Admin\AppData\Local\Temp




Periodic native trim disabled

JNI global refs:
JNI global refs: 17, weak refs: 0

JNI global refs memory usage: 835, weak refs: 833

Process memory usage:
Resident Set Size: 172160K (2% of 7761244K total physical memory with 465152K free physical memory)

OOME stack traces (most recent first):
Classloader memory used:
Loader bootstrap                                                                       : 21831K
Loader jdk.internal.loader.ClassLoaders$AppClassLoader                                 : 3390K
Loader com.intellij.database.remote.jdbc.impl.JdbcClassLoader$JdbcClassLoaderImpl      : 3022K
Loader jdk.internal.loader.ClassLoaders$PlatformClassLoader                            : 802K
Loader jdk.internal.reflect.DelegatingClassLoader                                      : 167K
Loader com.intellij.database.remote.jdbc.impl.JdbcClassLoader$1                        : 7736B

---------------  S Y S T E M  ---------------

OS:
 Windows 10 , 64 bit Build 19041 (10.0.19041.5198)
OS uptime: 0 days 5:28 hours

CPU: total 12 (initial active 12) (12 cores per cpu, 2 threads per core) family 23 model 96 stepping 1 microcode 0x0, cx8, cmov, fxsr, ht, mmx, 3dnowpref, sse, sse2, sse3, ssse3, sse4a, sse4.1, sse4.2, popcnt, lzcnt, tsc, tscinvbit, avx, avx2, aes, clmul, bmi1, bmi2, adx, sha, fma, vzeroupper, clflush, clflushopt, rdtscp, rdpid, f16c
Processor Information for all 12 processors :
  Max Mhz: 3000, Current Mhz: 3000, Mhz Limit: 3000

Memory: 4k page, system-wide physical 7579M (454M free)
TotalPageFile size 20380M (AvailPageFile size 7M)
current process WorkingSet (physical memory assigned to process): 168M, peak: 170M
current process commit charge ("private bytes"): 269M, peak: 272M

vm_info: OpenJDK 64-Bit Server VM (21.0.3+13-b509.11) for windows-amd64 JRE (21.0.3+13-b509.11), built on 2024-08-12 by "builduser" with MS VC++ 16.10 / 16.11 (VS2019)

END.
