#
# There is insufficient memory for the Java Runtime Environment to continue.
# Native memory allocation (mmap) failed to map 125829120 bytes. Error detail: G1 virtual space
# Possible reasons:
#   The system is out of physical RAM or swap space
#   This process is running with CompressedOops enabled, and the Java Heap may be blocking the growth of the native heap
# Possible solutions:
#   Reduce memory load on the system
#   Increase physical memory or swap space
#   Check if swap backing store is full
#   Decrease Java heap size (-Xmx/-Xms)
#   Decrease number of Java threads
#   Decrease Java thread stack sizes (-Xss)
#   Set larger code cache with -XX:ReservedCodeCacheSize=
#   JVM is running with Unscaled Compressed Oops mode in which the Java heap is
#     placed in the first 4GB address space. The Java Heap base address is the
#     maximum limit for the native heap growth. Please use -XX:HeapBaseMinAddress
#     to set the Java Heap base and to place the Java Heap above 4GB virtual address.
# This output file may be truncated or incomplete.
#
#  Out of Memory Error (os_windows.cpp:3614), pid=4536, tid=8596
#
# JRE version:  (17.0.13+11) (build )
# Java VM: OpenJDK 64-Bit Server VM (17.0.13+11-LTS, mixed mode, emulated-client, sharing, tiered, compressed oops, compressed class ptrs, g1 gc, windows-amd64)
# No core dump will be written. Minidumps are not enabled by default on client versions of Windows
#

---------------  S U M M A R Y ------------

Command Line: -XX:TieredStopAtLevel=1 -Dspring.output.ansi.enabled=always -Dcom.sun.management.jmxremote -Dspring.jmx.enabled=true -Dspring.liveBeansView.mbeanDomain -Dspring.application.admin.enabled=true -Dmanagement.endpoints.jmx.exposure.include=* -javaagent:D:\IntelliJ IDEA 2024.2.1\lib\idea_rt.jar=52744:D:\IntelliJ IDEA 2024.2.1\bin -Dfile.encoding=UTF-8 com.codegym.SocialMusicAppSpringApplication

Host: AMD Ryzen 5 4600H with Radeon Graphics         , 12 cores, 7G,  Windows 10 , 64 bit Build 19041 (10.0.19041.5198)
Time: Thu Jan  9 16:07:51 2025 SE Asia Standard Time elapsed time: 0.026486 seconds (0d 0h 0m 0s)

---------------  T H R E A D  ---------------

Current thread (0x000001b4aa0b4890):  JavaThread "Unknown thread" [_thread_in_vm, id=8596, stack(0x0000000e60b00000,0x0000000e60c00000)]

Stack: [0x0000000e60b00000,0x0000000e60c00000]
Native frames: (J=compiled Java code, j=interpreted, Vv=VM code, C=native code)
V  [jvm.dll+0x680c19]
V  [jvm.dll+0x83888a]
V  [jvm.dll+0x83a34e]
V  [jvm.dll+0x83a9b3]
V  [jvm.dll+0x2481af]
V  [jvm.dll+0x67d959]
V  [jvm.dll+0x67242a]
V  [jvm.dll+0x30813b]
V  [jvm.dll+0x30f626]
V  [jvm.dll+0x35f94e]
V  [jvm.dll+0x35fb8f]
V  [jvm.dll+0x2df0ec]
V  [jvm.dll+0x2e0044]
V  [jvm.dll+0x80a04b]
V  [jvm.dll+0x36d6c1]
V  [jvm.dll+0x7e8975]
V  [jvm.dll+0x3f109f]
V  [jvm.dll+0x3f2c11]
C  [jli.dll+0x52ab]
C  [ucrtbase.dll+0x21bb2]
C  [KERNEL32.DLL+0x17374]
C  [ntdll.dll+0x4cc91]


---------------  P R O C E S S  ---------------

Threads class SMR info:
_java_thread_list=0x00007ff9fa118f58, length=0, elements={
}

Java Threads: ( => current thread )

Other Threads:
  0x000001b4aa107bb0 GCTaskThread "GC Thread#0" [stack: 0x0000000e60c00000,0x0000000e60d00000] [id=4432]
  0x000001b4aa118720 ConcurrentGCThread "G1 Main Marker" [stack: 0x0000000e60d00000,0x0000000e60e00000] [id=13884]
  0x000001b4aa11a060 ConcurrentGCThread "G1 Conc#0" [stack: 0x0000000e60e00000,0x0000000e60f00000] [id=8848]

[error occurred during error reporting (printing all threads), id 0xc0000005, EXCEPTION_ACCESS_VIOLATION (0xc0000005) at pc=0x00007ff9f98cf827]

VM state: not at safepoint (not fully initialized)

VM Mutex/Monitor currently owned by a thread:  ([mutex/lock_event])
[0x000001b4aa0b1bb0] Heap_lock - owner thread: 0x000001b4aa0b4890

Heap address: 0x0000000089800000, size: 1896 MB, Compressed Oops mode: 32-bit

CDS archive(s) mapped at: [0x0000000000000000-0x0000000000000000-0x0000000000000000), size 0, SharedBaseAddress: 0x0000000800000000, ArchiveRelocationMode: 1.
Narrow klass base: 0x0000000000000000, Narrow klass shift: 0, Narrow klass range: 0x0

GC Precious Log:
<Empty>

Heap:
 garbage-first heap   total 0K, used 0K [0x0000000089800000, 0x0000000100000000)
  region size 1024K, 0 young (0K), 0 survivors (0K)

[error occurred during error reporting (printing heap information), id 0xc0000005, EXCEPTION_ACCESS_VIOLATION (0xc0000005) at pc=0x00007ff9f9cb9e69]

GC Heap History (0 events):
No events

Dll operation events (1 events):
Event: 0.017 Loaded shared library D:\jdks\corretto-17.0.13\bin\java.dll

Deoptimization events (0 events):
No events

Classes loaded (0 events):
No events

Classes unloaded (0 events):
No events

Classes redefined (0 events):
No events

Internal exceptions (0 events):
No events

VM Operations (0 events):
No events

Memory protections (0 events):
No events

Nmethod flushes (0 events):
No events

Events (0 events):
No events


Dynamic libraries:
0x00007ff6cb970000 - 0x00007ff6cb97e000 	D:\jdks\corretto-17.0.13\bin\java.exe
0x00007ffa3f790000 - 0x00007ffa3f988000 	C:\Windows\SYSTEM32\ntdll.dll
0x00007ffa3f600000 - 0x00007ffa3f6c2000 	C:\Windows\System32\KERNEL32.DLL
0x00007ffa3d280000 - 0x00007ffa3d57e000 	C:\Windows\System32\KERNELBASE.dll
0x00007ffa3d180000 - 0x00007ffa3d280000 	C:\Windows\System32\ucrtbase.dll
0x00007ffa2a2f0000 - 0x00007ffa2a30b000 	D:\jdks\corretto-17.0.13\bin\VCRUNTIME140.dll
0x00007ffa2a220000 - 0x00007ffa2a237000 	D:\jdks\corretto-17.0.13\bin\jli.dll
0x00007ffa3ed70000 - 0x00007ffa3ef0d000 	C:\Windows\System32\USER32.dll
0x00007ffa3d750000 - 0x00007ffa3d772000 	C:\Windows\System32\win32u.dll
0x00007ffa2b7f0000 - 0x00007ffa2ba8a000 	C:\Windows\WinSxS\amd64_microsoft.windows.common-controls_6595b64144ccf1df_6.0.19041.4355_none_60b8b9eb71f62e16\COMCTL32.dll
0x00007ffa3e0b0000 - 0x00007ffa3e0db000 	C:\Windows\System32\GDI32.dll
0x00007ffa3efc0000 - 0x00007ffa3f05e000 	C:\Windows\System32\msvcrt.dll
0x00007ffa3d580000 - 0x00007ffa3d697000 	C:\Windows\System32\gdi32full.dll
0x00007ffa3d090000 - 0x00007ffa3d12d000 	C:\Windows\System32\msvcp_win.dll
0x00007ffa3f190000 - 0x00007ffa3f1bf000 	C:\Windows\System32\IMM32.DLL
0x00007ffa388a0000 - 0x00007ffa388ac000 	D:\jdks\corretto-17.0.13\bin\vcruntime140_1.dll
0x00007ffa13060000 - 0x00007ffa130ed000 	D:\jdks\corretto-17.0.13\bin\msvcp140.dll
0x00007ff9f95e0000 - 0x00007ff9fa24c000 	D:\jdks\corretto-17.0.13\bin\server\jvm.dll
0x00007ffa3f060000 - 0x00007ffa3f111000 	C:\Windows\System32\ADVAPI32.dll
0x00007ffa3e0e0000 - 0x00007ffa3e17f000 	C:\Windows\System32\sechost.dll
0x00007ffa3e180000 - 0x00007ffa3e2a3000 	C:\Windows\System32\RPCRT4.dll
0x00007ffa3d780000 - 0x00007ffa3d7a7000 	C:\Windows\System32\bcrypt.dll
0x00007ffa3f120000 - 0x00007ffa3f18b000 	C:\Windows\System32\WS2_32.dll
0x00007ffa3cc90000 - 0x00007ffa3ccdb000 	C:\Windows\SYSTEM32\POWRPROF.dll
0x00007ffa31b10000 - 0x00007ffa31b37000 	C:\Windows\SYSTEM32\WINMM.dll
0x00007ffa31b70000 - 0x00007ffa31b7a000 	C:\Windows\SYSTEM32\VERSION.dll
0x00007ffa3cc70000 - 0x00007ffa3cc82000 	C:\Windows\SYSTEM32\UMPDC.dll
0x00007ffa3acb0000 - 0x00007ffa3acc2000 	C:\Windows\SYSTEM32\kernel.appcore.dll
0x00007ffa2a3d0000 - 0x00007ffa2a3da000 	D:\jdks\corretto-17.0.13\bin\jimage.dll
0x00007ffa31d40000 - 0x00007ffa31f24000 	C:\Windows\SYSTEM32\DBGHELP.DLL
0x00007ffa27100000 - 0x00007ffa27134000 	C:\Windows\SYSTEM32\dbgcore.DLL
0x00007ffa3ce30000 - 0x00007ffa3ceb2000 	C:\Windows\System32\bcryptPrimitives.dll
0x00007ffa29f50000 - 0x00007ffa29f5e000 	D:\jdks\corretto-17.0.13\bin\instrument.dll
0x00007ffa29ec0000 - 0x00007ffa29ee5000 	D:\jdks\corretto-17.0.13\bin\java.dll

dbghelp: loaded successfully - version: 4.0.5 - missing functions: none
symbol engine: initialized successfully - sym options: 0x614 - pdb path: .;D:\jdks\corretto-17.0.13\bin;C:\Windows\SYSTEM32;C:\Windows\WinSxS\amd64_microsoft.windows.common-controls_6595b64144ccf1df_6.0.19041.4355_none_60b8b9eb71f62e16;D:\jdks\corretto-17.0.13\bin\server

VM Arguments:
jvm_args: -XX:TieredStopAtLevel=1 -Dspring.output.ansi.enabled=always -Dcom.sun.management.jmxremote -Dspring.jmx.enabled=true -Dspring.liveBeansView.mbeanDomain -Dspring.application.admin.enabled=true -Dmanagement.endpoints.jmx.exposure.include=* -javaagent:D:\IntelliJ IDEA 2024.2.1\lib\idea_rt.jar=52744:D:\IntelliJ IDEA 2024.2.1\bin -Dfile.encoding=UTF-8 
java_command: com.codegym.SocialMusicAppSpringApplication
java_class_path (initial): D:\social-music-app-spring-final\build\classes\java\main;D:\social-music-app-spring-final\build\resources\main;C:\Users\Admin\.gradle\caches\modules-2\files-2.1\org.projectlombok\lombok\1.18.36\5a30490a6e14977d97d9c73c924c1f1b5311ea95\lombok-1.18.36.jar;C:\Users\Admin\.gradle\caches\modules-2\files-2.1\org.springframework.boot\spring-boot-starter-actuator\3.4.1\bd347cc46f34c8b9a6f33b4d103bcfb3b11fc6f8\spring-boot-starter-actuator-3.4.1.jar;C:\Users\Admin\.gradle\caches\modules-2\files-2.1\org.springframework.boot\spring-boot-starter-data-jpa\3.4.1\f06be4354c339f3f880a5c66a6913cd2366eb225\spring-boot-starter-data-jpa-3.4.1.jar;C:\Users\Admin\.gradle\caches\modules-2\files-2.1\org.springframework.boot\spring-boot-starter-web\3.4.1\ff7227fc62338e0f6eba3f9f94c12eb952d4da95\spring-boot-starter-web-3.4.1.jar;C:\Users\Admin\.gradle\caches\modules-2\files-2.1\org.springframework.boot\spring-boot-starter-security\3.4.1\6a82a9f484d265c73a203d551b614cd8bdde5825\spring-boot-starter-security-3.4.1.jar;C:\Users\Admin\.gradle\caches\modules-2\files-2.1\com.fasterxml.jackson.core\jackson-databind\2.15.2\9353b021f10c307c00328f52090de2bdb4b6ff9c\jackson-databind-2.15.2.jar;C:\Users\Admin\.gradle\caches\modules-2\files-2.1\commons-fileupload\commons-fileupload\1.4\f95188e3d372e20e7328706c37ef366e5d7859b0\commons-fileupload-1.4.jar;C:\Users\Admin\.gradle\caches\modules-2\files-2.1\io.jsonwebtoken\jjwt-api\0.11.2\57c34dce3e88f2972c5c5465b6291acfb5628084\jjwt-api-0.11.2.jar;C:\Users\Admin\.gradle\caches\modules-2\files-2.1\org.springframework.boot\spring-boot-starter\3.4.1\2c97b6fdc451ea69cd04dcfa54980439b7c7cb34\spring-boot-starter-3.4.1.jar;C:\Users\Admin\.gradle\caches\modules-2\files-2.1\org.springframework.boot\spring-boot-actuator-autoconfigure\3.4.1\75ab4d3c257fc5b00fbfa8099ec35b6c9702b629\spring-boot-actuator-autoconfigure-3.4.1.jar;C:\Users\Admin\.gradle\caches\modules-2\files-2.1\io.micrometer\micrometer-jakarta9\1.14.2\50950404a99cde864c0e4ff3b1647
Launcher Type: SUN_STANDARD

[Global flags]
     intx CICompilerCount                          = 4                                         {product} {ergonomic}
     uint ConcGCThreads                            = 3                                         {product} {ergonomic}
     uint G1ConcRefinementThreads                  = 10                                        {product} {ergonomic}
   size_t G1HeapRegionSize                         = 1048576                                   {product} {ergonomic}
    uintx GCDrainStackTargetSize                   = 64                                        {product} {ergonomic}
   size_t InitialHeapSize                          = 125829120                                 {product} {ergonomic}
     bool ManagementServer                         = true                                      {product} {command line}
   size_t MarkStackSize                            = 4194304                                   {product} {ergonomic}
   size_t MaxHeapSize                              = 1988100096                                {product} {ergonomic}
   size_t MinHeapDeltaBytes                        = 1048576                                   {product} {ergonomic}
   size_t MinHeapSize                              = 8388608                                   {product} {ergonomic}
    uintx NonProfiledCodeHeapSize                  = 0                                      {pd product} {ergonomic}
     bool ProfileInterpreter                       = false                                  {pd product} {command line}
    uintx ProfiledCodeHeapSize                     = 0                                      {pd product} {ergonomic}
   size_t SoftMaxHeapSize                          = 1988100096                             {manageable} {ergonomic}
     intx TieredStopAtLevel                        = 1                                         {product} {command line}
     bool UseCompressedClassPointers               = true                           {product lp64_product} {ergonomic}
     bool UseCompressedOops                        = true                           {product lp64_product} {ergonomic}
     bool UseG1GC                                  = true                                      {product} {ergonomic}
     bool UseLargePagesIndividualAllocation        = false                                  {pd product} {ergonomic}

Logging:
Log output configuration:
 #0: stdout all=warning uptime,level,tags
 #1: stderr all=off uptime,level,tags

Environment Variables:
PATH=C:\Windows\system32;C:\Windows;C:\Windows\System32\Wbem;C:\Windows\System32\WindowsPowerShell\v1.0\;C:\Windows\System32\OpenSSH\;D:\Git\cmd;C:\Program Files\MySQL\MySQL Shell 8.0\bin\;C:\Users\Admin\AppData\Local\Microsoft\WindowsApps;;C:\Users\Admin\AppData\Local\Programs\Azure Data Studio\bin;C:\Users\Admin\AppData\Local\Programs\Microsoft VS Code\bin
USERNAME=Admin
OS=Windows_NT
PROCESSOR_IDENTIFIER=AMD64 Family 23 Model 96 Stepping 1, AuthenticAMD
TMP=C:\Users\Admin\AppData\Local\Temp
TEMP=C:\Users\Admin\AppData\Local\Temp



Periodic native trim disabled


---------------  S Y S T E M  ---------------

OS:
 Windows 10 , 64 bit Build 19041 (10.0.19041.5198)
OS uptime: 0 days 5:27 hours

CPU: total 12 (initial active 12) (12 cores per cpu, 2 threads per core) family 23 model 96 stepping 1 microcode 0x0, cx8, cmov, fxsr, ht, mmx, 3dnowpref, sse, sse2, sse3, ssse3, sse4a, sse4.1, sse4.2, popcnt, lzcnt, tsc, tscinvbit, avx, avx2, aes, clmul, bmi1, bmi2, adx, sha, fma, vzeroupper, clflush, clflushopt
Processor Information for all 12 processors :
  Max Mhz: 3000, Current Mhz: 3000, Mhz Limit: 3000

Memory: 4k page, system-wide physical 7579M (370M free)
TotalPageFile size 20344M (AvailPageFile size 88M)
current process WorkingSet (physical memory assigned to process): 10M, peak: 10M
current process commit charge ("private bytes"): 59M, peak: 179M

vm_info: OpenJDK 64-Bit Server VM (17.0.13+11-LTS) for windows-amd64 JRE (17.0.13+11-LTS), built on Oct 10 2024 19:51:30 by "Administrator" with MS VC++ 16.10 / 16.11 (VS2019)

END.
